Log File for Guenael rtlsdr_wsprd
For the FILE VIEWER, f / b / q = forward / backward / quit

----------------------------------------------
NEW LOG FILE NOW OPENED
Sat 07 Jan 2023 09:55:36 AM IST

---Kill earlier WSPR rtlsdr_wsprd session---
Found 1 device(s):
  0:  Realtek, RTL2838UHIDIR, SN: 00000001

Using device 0: Generic RTL2832U OEM
Detached kernel driver
Found Rafael Micro R820T tuner
Enabled direct sampling mode, input 2
Allocating 15 zero-copy buffers

Starting rtlsdr-wsprd (2023-01-07, 04:30z) -- Version 0.5.4
  Callsign     : VU3ZAN
  Locator      : MK90it
  Dial freq.   : 21094600 Hz
  Real freq.   : 21094600 Hz
  PPM factor   : 0
  Gain         : 29 dB
Wait for time sync (start in 97 sec)

              Date  Time(z)    SNR     DT       Freq Dr    Call    Loc Pwr
No spot 2023-01-07 04:32z
No spot 2023-01-07 04:34z
No spot 2023-01-07 04:36z
No spot 2023-01-07 04:38z
No spot 2023-01-07 04:40z
Spot :  2023-01-07 04:42:00 -20.10  -1.10  21.096133  0   VK6TY   OF78 40
No spot 2023-01-07 04:44z
No spot 2023-01-07 04:46z
No spot 2023-01-07 04:48z
No spot 2023-01-07 04:50z
No spot 2023-01-07 04:52z
No spot 2023-01-07 04:54z
No spot 2023-01-07 04:56z
No spot 2023-01-07 04:58z
No spot 2023-01-07 05:00z
No spot 2023-01-07 05:02z
No spot 2023-01-07 05:04z
No spot 2023-01-07 05:06z
Spot :  2023-01-07 05:08:00 -22.24  -1.04  21.096134  0   VK6TY   OF78 40
No spot 2023-01-07 05:10z
No spot 2023-01-07 05:12z
No spot 2023-01-07 05:14z
No spot 2023-01-07 05:16z
No spot 2023-01-07 05:18z
No spot 2023-01-07 05:20z
No spot 2023-01-07 05:22z
No spot 2023-01-07 05:24z
No spot 2023-01-07 05:26z
No spot 2023-01-07 05:28z
No spot 2023-01-07 05:30z
No spot 2023-01-07 05:32z
Spot :  2023-01-07 05:34:01 -20.90  -1.06  21.096133  0   VK6TY   OF78 40
No spot 2023-01-07 05:36z
No spot 2023-01-07 05:38z
No spot 2023-01-07 05:40z
No spot 2023-01-07 05:42z
Spot :  2023-01-07 05:44:00 -18.39  -1.04  21.096133  0   VK6TY   OF78 40
No spot 2023-01-07 05:46z
No spot 2023-01-07 05:48z
No spot 2023-01-07 05:50z
No spot 2023-01-07 05:52z
No spot 2023-01-07 05:54z
No spot 2023-01-07 05:56z
No spot 2023-01-07 05:58z
No spot 2023-01-07 06:00z
No spot 2023-01-07 06:02z
No spot 2023-01-07 06:04z
No spot 2023-01-07 06:06z
No spot 2023-01-07 06:08z
Spot :  2023-01-07 06:10:00 -15.39  -0.95  21.096133  0   VK6TY   OF78 40
No spot 2023-01-07 06:12z
No spot 2023-01-07 06:14z
No spot 2023-01-07 06:16z
No spot 2023-01-07 06:18z
No spot 2023-01-07 06:20z
Spot :  2023-01-07 06:22:00 -20.23  -1.02  21.096133  0   VK6TY   OF78 40
No spot 2023-01-07 06:24z
No spot 2023-01-07 06:26z
No spot 2023-01-07 06:28z
No spot 2023-01-07 06:30z
No spot 2023-01-07 06:32z
Spot :  2023-01-07 06:34:00 -16.34  -0.95  21.096133  0   VK6TY   OF78 40
No spot 2023-01-07 06:36z
No spot 2023-01-07 06:38z
No spot 2023-01-07 06:40z
Spot :  2023-01-07 06:42:00 -23.12  -1.04  21.096133  0   VK6TY   OF78 40
No spot 2023-01-07 06:44z
No spot 2023-01-07 06:46z
No spot 2023-01-07 06:48z
No spot 2023-01-07 06:50z
No spot 2023-01-07 06:52z
No spot 2023-01-07 06:54z
No spot 2023-01-07 06:56z
No spot 2023-01-07 06:58z
No spot 2023-01-07 07:00z
No spot 2023-01-07 07:02z
No spot 2023-01-07 07:04z
No spot 2023-01-07 07:06z
No spot 2023-01-07 07:08z
No spot 2023-01-07 07:10z
No spot 2023-01-07 07:12z
No spot 2023-01-07 07:14z
No spot 2023-01-07 07:16z
No spot 2023-01-07 07:18z
No spot 2023-01-07 07:20z
No spot 2023-01-07 07:22z
No spot 2023-01-07 07:24z
No spot 2023-01-07 07:26z
No spot 2023-01-07 07:28z
No spot 2023-01-07 07:30z
No spot 2023-01-07 07:32z
No spot 2023-01-07 07:34z
No spot 2023-01-07 07:36z
Spot :  2023-01-07 07:40:00 -23.02  -1.08  21.096133  0   VK6TY   OF78 40
No spot 2023-01-07 07:42z
No spot 2023-01-07 07:44z
No spot 2023-01-07 07:46z
Spot :  2023-01-07 07:50:00 -21.01  -1.02  21.096133  0   VK6TY   OF78 40
No spot 2023-01-07 07:52z
No spot 2023-01-07 07:56z
No spot 2023-01-07 08:00z
No spot 2023-01-07 08:04z
No spot 2023-01-07 08:06z
No spot 2023-01-07 08:08z
No spot 2023-01-07 08:10z
No spot 2023-01-07 08:14z
No spot 2023-01-07 08:18z
No spot 2023-01-07 08:22z
No spot 2023-01-07 08:26z
Spot :  2023-01-07 08:30:01 -19.98  -1.59  21.096133  0   VK6TY   OF78 40
No spot 2023-01-07 08:36z
No spot 2023-01-07 08:40z
No spot 2023-01-07 08:44z
No spot 2023-01-07 08:48z
No spot 2023-01-07 08:52z
No spot 2023-01-07 08:56z
No spot 2023-01-07 09:00z
No spot 2023-01-07 09:04z
No spot 2023-01-07 09:08z
No spot 2023-01-07 09:12z
No spot 2023-01-07 09:16z
No spot 2023-01-07 09:20z
No spot 2023-01-07 09:24z
No spot 2023-01-07 09:28z
No spot 2023-01-07 09:32z
No spot 2023-01-07 09:36z
No spot 2023-01-07 09:40z
No spot 2023-01-07 09:44z
No spot 2023-01-07 09:48z
No spot 2023-01-07 09:52z
No spot 2023-01-07 09:56z
No spot 2023-01-07 10:00z
No spot 2023-01-07 10:04z
No spot 2023-01-07 10:08z
No spot 2023-01-07 10:12z
No spot 2023-01-07 10:18z
No spot 2023-01-07 10:22z
No spot 2023-01-07 10:26z
No spot 2023-01-07 10:30z
No spot 2023-01-07 10:36z
No spot 2023-01-07 10:40z
No spot 2023-01-07 11:06z
No spot 2023-01-07 11:12z
No spot 2023-01-07 11:16z
No spot 2023-01-07 11:18z
No spot 2023-01-07 11:20z
No spot 2023-01-07 11:22z
No spot 2023-01-07 11:24z
No spot 2023-01-07 11:26z
No spot 2023-01-07 11:28z
No spot 2023-01-07 11:30z
No spot 2023-01-07 11:32z
No spot 2023-01-07 11:34z
No spot 2023-01-07 11:36z
No spot 2023-01-07 11:38z
No spot 2023-01-07 11:40z
No spot 2023-01-07 11:42z
No spot 2023-01-07 11:44z
No spot 2023-01-07 11:46z
No spot 2023-01-07 11:48z
No spot 2023-01-07 11:50z
No spot 2023-01-07 11:52z
No spot 2023-01-07 11:54z
No spot 2023-01-07 11:56z
No spot 2023-01-07 11:58z
No spot 2023-01-07 12:00z
No spot 2023-01-07 12:02z
No spot 2023-01-07 12:04z
No spot 2023-01-07 12:08z
No spot 2023-01-07 12:10z
No spot 2023-01-07 12:12z
No spot 2023-01-07 12:14z
No spot 2023-01-07 12:16z
No spot 2023-01-07 12:18z
No spot 2023-01-07 12:22z
No spot 2023-01-07 12:24z
No spot 2023-01-07 12:26z
No spot 2023-01-07 12:28z
No spot 2023-01-07 12:30z
No spot 2023-01-07 12:32z
No spot 2023-01-07 12:34z
No spot 2023-01-07 12:36z
No spot 2023-01-07 12:38z
No spot 2023-01-07 12:40z
No spot 2023-01-07 12:42z
No spot 2023-01-07 12:44z
No spot 2023-01-07 12:46z
No spot 2023-01-07 12:48z
No spot 2023-01-07 12:50z
No spot 2023-01-07 12:52z
No spot 2023-01-07 12:54z
No spot 2023-01-07 12:56z
No spot 2023-01-07 12:58z
No spot 2023-01-07 13:00z
No spot 2023-01-07 13:02z
No spot 2023-01-07 13:04z
No spot 2023-01-07 13:06z
No spot 2023-01-07 13:08z
No spot 2023-01-07 13:10z
No spot 2023-01-07 13:12z
No spot 2023-01-07 13:14z
No spot 2023-01-07 13:16z
No spot 2023-01-07 13:18z
No spot 2023-01-07 13:20z
No spot 2023-01-07 13:22z
No spot 2023-01-07 13:24z
Spot :  2023-01-07 13:26:01 -21.84  -0.08  21.096126  0   EP4HR   LL69 23
No spot 2023-01-07 13:28z
No spot 2023-01-07 13:30z
No spot 2023-01-07 13:32z
No spot 2023-01-07 13:34z
No spot 2023-01-07 13:36z
No spot 2023-01-07 13:38z
No spot 2023-01-07 13:40z
No spot 2023-01-07 13:42z
No spot 2023-01-07 13:44z
No spot 2023-01-07 13:46z
No spot 2023-01-07 13:48z
No spot 2023-01-07 13:50z
No spot 2023-01-07 13:52z
No spot 2023-01-07 13:54z
No spot 2023-01-07 13:56z
No spot 2023-01-07 13:58z
No spot 2023-01-07 14:00z
No spot 2023-01-07 14:02z
No spot 2023-01-07 14:04z
No spot 2023-01-07 14:06z
No spot 2023-01-07 14:08z
No spot 2023-01-07 14:10z
No spot 2023-01-07 14:12z
No spot 2023-01-07 14:14z
No spot 2023-01-07 14:16z
No spot 2023-01-07 14:18z
No spot 2023-01-07 14:20z
No spot 2023-01-07 14:22z
No spot 2023-01-07 14:24z
No spot 2023-01-07 14:26z
No spot 2023-01-07 14:28z
No spot 2023-01-07 14:30z
No spot 2023-01-07 14:32z
No spot 2023-01-07 14:34z
No spot 2023-01-07 14:36z
No spot 2023-01-07 14:38z
No spot 2023-01-07 14:40z
No spot 2023-01-07 14:42z
No spot 2023-01-07 14:44z
No spot 2023-01-07 14:46z
No spot 2023-01-07 14:48z
No spot 2023-01-07 14:52z
No spot 2023-01-07 14:54z
No spot 2023-01-07 14:58z
No spot 2023-01-07 15:02z
No spot 2023-01-07 15:04z
No spot 2023-01-07 15:06z
No spot 2023-01-07 15:08z
No spot 2023-01-07 15:10z
No spot 2023-01-07 15:12z
No spot 2023-01-07 15:14z
No spot 2023-01-07 15:16z
No spot 2023-01-07 15:18z
No spot 2023-01-07 15:20z
No spot 2023-01-07 15:22z
No spot 2023-01-07 15:24z
No spot 2023-01-07 15:26z
No spot 2023-01-07 15:30z
No spot 2023-01-07 15:32z
No spot 2023-01-07 15:36z
No spot 2023-01-07 15:38z
No spot 2023-01-07 15:40z
No spot 2023-01-07 15:42z
No spot 2023-01-07 15:44z
No spot 2023-01-07 15:46z
No spot 2023-01-07 15:48z
No spot 2023-01-07 15:50z
No spot 2023-01-07 15:52z
No spot 2023-01-07 15:54z
No spot 2023-01-07 15:56z
No spot 2023-01-07 15:58z
No spot 2023-01-07 16:00z
No spot 2023-01-07 16:02z
No spot 2023-01-07 16:04z
No spot 2023-01-07 16:06z
No spot 2023-01-07 16:08z
No spot 2023-01-07 16:10z
No spot 2023-01-07 16:12z
No spot 2023-01-07 16:14z
No spot 2023-01-07 16:16z
No spot 2023-01-07 16:18z
No spot 2023-01-07 16:20z
No spot 2023-01-07 16:22z
No spot 2023-01-07 16:24z
No spot 2023-01-07 16:26z
No spot 2023-01-07 16:28z
No spot 2023-01-07 16:30z
No spot 2023-01-07 16:32z
No spot 2023-01-07 16:34z
No spot 2023-01-07 16:36z
No spot 2023-01-07 16:38z
No spot 2023-01-07 16:40z
No spot 2023-01-07 16:42z
No spot 2023-01-07 16:44z
No spot 2023-01-07 16:46z
No spot 2023-01-07 16:48z
No spot 2023-01-07 16:50z
No spot 2023-01-07 16:52z
No spot 2023-01-07 16:54z
No spot 2023-01-07 16:56z
No spot 2023-01-07 16:58z
No spot 2023-01-07 17:00z
No spot 2023-01-07 17:02z
No spot 2023-01-07 17:04z
No spot 2023-01-07 17:06z
No spot 2023-01-07 17:08z
No spot 2023-01-07 17:10z
No spot 2023-01-07 17:12z
No spot 2023-01-07 17:14z
No spot 2023-01-07 17:16z
No spot 2023-01-07 17:18z
No spot 2023-01-07 17:20z
No spot 2023-01-07 17:22z
No spot 2023-01-07 17:24z
No spot 2023-01-07 17:26z
No spot 2023-01-07 17:28z
No spot 2023-01-07 17:30z
No spot 2023-01-07 17:32z
No spot 2023-01-07 17:34z
No spot 2023-01-07 17:36z
No spot 2023-01-07 17:38z
No spot 2023-01-07 17:40z
No spot 2023-01-07 17:42z
No spot 2023-01-07 17:44z
No spot 2023-01-07 17:46z
No spot 2023-01-07 17:48z
No spot 2023-01-07 17:50z
No spot 2023-01-07 17:52z
No spot 2023-01-07 17:54z
No spot 2023-01-07 17:56z
No spot 2023-01-07 17:58z
No spot 2023-01-07 18:00z
No spot 2023-01-07 18:02z
No spot 2023-01-07 18:04z
No spot 2023-01-07 18:06z
No spot 2023-01-07 18:08z
No spot 2023-01-07 18:10z
No spot 2023-01-07 18:12z
No spot 2023-01-07 18:14z
No spot 2023-01-07 18:16z
No spot 2023-01-07 18:18z
No spot 2023-01-07 18:20z
No spot 2023-01-07 18:22z
No spot 2023-01-07 18:24z
No spot 2023-01-07 18:26z
No spot 2023-01-07 18:28z
No spot 2023-01-07 18:32z
No spot 2023-01-07 18:34z
No spot 2023-01-07 18:36z
No spot 2023-01-07 18:38z
No spot 2023-01-07 18:40z
No spot 2023-01-07 18:42z
No spot 2023-01-07 18:44z
No spot 2023-01-07 18:46z
No spot 2023-01-07 18:48z
No spot 2023-01-07 18:50z
No spot 2023-01-07 18:52z
No spot 2023-01-07 18:54z
No spot 2023-01-07 18:56z
No spot 2023-01-07 18:58z
No spot 2023-01-07 19:00z
No spot 2023-01-07 19:02z
No spot 2023-01-07 19:04z
No spot 2023-01-07 19:06z
No spot 2023-01-07 19:08z
No spot 2023-01-07 19:10z
No spot 2023-01-07 19:12z
No spot 2023-01-07 19:14z
No spot 2023-01-07 19:16z
No spot 2023-01-07 19:18z
No spot 2023-01-07 19:20z
No spot 2023-01-07 19:22z
No spot 2023-01-07 19:24z
No spot 2023-01-07 19:26z
No spot 2023-01-07 19:28z
No spot 2023-01-07 19:30z
No spot 2023-01-07 19:32z
No spot 2023-01-07 19:34z
No spot 2023-01-07 19:36z
No spot 2023-01-07 19:38z
No spot 2023-01-07 19:40z
No spot 2023-01-07 19:42z
No spot 2023-01-07 19:44z
No spot 2023-01-07 19:46z
No spot 2023-01-07 19:48z
No spot 2023-01-07 19:50z
No spot 2023-01-07 19:52z
No spot 2023-01-07 19:54z
No spot 2023-01-07 19:56z
No spot 2023-01-07 19:58z
No spot 2023-01-07 20:00z
No spot 2023-01-07 20:02z
No spot 2023-01-07 20:04z
No spot 2023-01-07 20:06z
No spot 2023-01-07 20:08z
No spot 2023-01-07 20:10z
No spot 2023-01-07 20:12z
No spot 2023-01-07 20:14z
No spot 2023-01-07 20:16z
No spot 2023-01-07 20:18z
No spot 2023-01-07 20:20z
No spot 2023-01-07 20:22z
No spot 2023-01-07 20:24z
No spot 2023-01-07 20:26z
No spot 2023-01-07 20:28z
No spot 2023-01-07 20:30z
No spot 2023-01-07 20:32z
No spot 2023-01-07 20:34z
No spot 2023-01-07 20:36z
No spot 2023-01-07 20:38z
No spot 2023-01-07 20:40z
No spot 2023-01-07 20:42z
No spot 2023-01-07 20:44z
No spot 2023-01-07 20:46z
No spot 2023-01-07 20:48z
No spot 2023-01-07 20:50z
No spot 2023-01-07 20:52z
No spot 2023-01-07 20:54z
No spot 2023-01-07 20:56z
No spot 2023-01-07 20:58z
No spot 2023-01-07 21:00z
No spot 2023-01-07 21:02z
No spot 2023-01-07 21:04z
No spot 2023-01-07 21:06z
No spot 2023-01-07 21:08z
No spot 2023-01-07 21:10z
No spot 2023-01-07 21:12z
No spot 2023-01-07 21:14z
No spot 2023-01-07 21:16z
No spot 2023-01-07 21:18z
No spot 2023-01-07 21:20z
No spot 2023-01-07 21:22z
No spot 2023-01-07 21:24z
No spot 2023-01-07 21:26z
No spot 2023-01-07 21:28z
No spot 2023-01-07 21:30z
No spot 2023-01-07 21:32z
No spot 2023-01-07 21:34z
No spot 2023-01-07 21:36z
No spot 2023-01-07 21:38z
No spot 2023-01-07 21:40z
No spot 2023-01-07 21:42z
No spot 2023-01-07 21:44z
No spot 2023-01-07 21:46z
No spot 2023-01-07 21:48z
No spot 2023-01-07 21:50z
No spot 2023-01-07 21:52z
No spot 2023-01-07 21:54z
No spot 2023-01-07 21:56z
No spot 2023-01-07 21:58z
No spot 2023-01-07 22:00z
No spot 2023-01-07 22:02z
No spot 2023-01-07 22:04z
No spot 2023-01-07 22:06z
No spot 2023-01-07 22:08z
No spot 2023-01-07 22:10z
No spot 2023-01-07 22:12z
No spot 2023-01-07 22:14z
No spot 2023-01-07 22:16z
No spot 2023-01-07 22:18z
No spot 2023-01-07 22:20z
No spot 2023-01-07 22:22z
No spot 2023-01-07 22:24z
No spot 2023-01-07 22:26z
No spot 2023-01-07 22:28z
No spot 2023-01-07 22:30z
No spot 2023-01-07 22:32z
No spot 2023-01-07 22:34z
No spot 2023-01-07 22:36z
No spot 2023-01-07 22:38z
No spot 2023-01-07 22:40z
No spot 2023-01-07 22:42z
No spot 2023-01-07 22:44z
No spot 2023-01-07 22:46z
No spot 2023-01-07 22:48z
No spot 2023-01-07 22:50z
No spot 2023-01-07 22:52z
No spot 2023-01-07 22:54z
No spot 2023-01-07 22:56z
No spot 2023-01-07 22:58z
No spot 2023-01-07 23:00z
No spot 2023-01-07 23:02z
No spot 2023-01-07 23:04z
No spot 2023-01-07 23:06z
No spot 2023-01-07 23:08z
No spot 2023-01-07 23:10z
No spot 2023-01-07 23:12z
No spot 2023-01-07 23:14z
No spot 2023-01-07 23:16z
No spot 2023-01-07 23:18z
No spot 2023-01-07 23:20z
No spot 2023-01-07 23:22z
No spot 2023-01-07 23:24z
No spot 2023-01-07 23:26z
No spot 2023-01-07 23:28z
No spot 2023-01-07 23:30z
No spot 2023-01-07 23:32z
No spot 2023-01-07 23:34z
No spot 2023-01-07 23:36z
No spot 2023-01-07 23:38z
No spot 2023-01-07 23:40z
No spot 2023-01-07 23:42z
No spot 2023-01-07 23:44z
No spot 2023-01-07 23:46z
No spot 2023-01-07 23:48z
No spot 2023-01-07 23:50z
No spot 2023-01-07 23:52z
No spot 2023-01-07 23:54z
No spot 2023-01-07 23:56z
No spot 2023-01-07 23:58z
No spot 2023-01-08 00:00z
No spot 2023-01-08 00:02z
No spot 2023-01-08 00:04z
No spot 2023-01-08 00:06z
No spot 2023-01-08 00:08z
No spot 2023-01-08 00:10z
No spot 2023-01-08 00:12z
No spot 2023-01-08 00:14z
No spot 2023-01-08 00:16z
No spot 2023-01-08 00:18z
No spot 2023-01-08 00:20z
No spot 2023-01-08 00:22z
No spot 2023-01-08 00:24z
No spot 2023-01-08 00:26z
No spot 2023-01-08 00:28z
No spot 2023-01-08 00:30z
No spot 2023-01-08 00:32z
No spot 2023-01-08 00:34z
No spot 2023-01-08 00:36z
No spot 2023-01-08 00:38z
No spot 2023-01-08 00:40z
No spot 2023-01-08 00:42z
No spot 2023-01-08 00:44z
No spot 2023-01-08 00:46z
No spot 2023-01-08 00:48z
No spot 2023-01-08 00:50z
No spot 2023-01-08 00:52z
No spot 2023-01-08 00:54z
No spot 2023-01-08 00:56z
No spot 2023-01-08 00:58z
No spot 2023-01-08 01:00z
No spot 2023-01-08 01:02z
No spot 2023-01-08 01:04z
No spot 2023-01-08 01:06z
No spot 2023-01-08 01:08z
No spot 2023-01-08 01:10z
No spot 2023-01-08 01:12z
No spot 2023-01-08 01:14z
No spot 2023-01-08 01:16z
No spot 2023-01-08 01:18z
No spot 2023-01-08 01:20z
No spot 2023-01-08 01:22z
No spot 2023-01-08 01:24z
No spot 2023-01-08 01:26z
No spot 2023-01-08 01:28z
No spot 2023-01-08 01:30z
No spot 2023-01-08 01:32z
No spot 2023-01-08 01:34z
No spot 2023-01-08 01:36z
No spot 2023-01-08 01:38z
No spot 2023-01-08 01:40z
No spot 2023-01-08 01:42z
No spot 2023-01-08 01:44z
No spot 2023-01-08 01:46z
No spot 2023-01-08 01:48z
No spot 2023-01-08 01:50z
No spot 2023-01-08 01:52z
No spot 2023-01-08 01:54z
No spot 2023-01-08 01:56z
No spot 2023-01-08 01:58z
No spot 2023-01-08 02:00z
No spot 2023-01-08 02:02z
No spot 2023-01-08 02:04z
No spot 2023-01-08 02:06z
No spot 2023-01-08 02:08z
No spot 2023-01-08 02:10z
No spot 2023-01-08 02:12z
No spot 2023-01-08 02:14z
No spot 2023-01-08 02:16z
No spot 2023-01-08 02:18z
No spot 2023-01-08 02:20z
No spot 2023-01-08 02:22z
No spot 2023-01-08 02:24z
No spot 2023-01-08 02:26z
No spot 2023-01-08 02:28z
No spot 2023-01-08 02:30z
No spot 2023-01-08 02:32z
No spot 2023-01-08 02:34z
No spot 2023-01-
----------------------------------------------
Running reception on 15 meters
Using script : 15mF
using wsprd band parameter 15m
Sat 07 Jan 2023 10:00:01 AM IST

---Kill earlier WSPR rtlsdr_wsprd session---
Signal caught 15, exiting!
Reattached kernel driver
08 02:36z
No spot 2023-01-08 02:38z
No spot 2023-01-08 02:40z
No spot 2023-01-08 02:42z
No spot 2023-01-08 02:44z
No spot 2023-01-08 02:46z
No spot 2023-01-08 02:48z
No spot 2023-01-08 02:50z
No spot 2023-01-08 02:52z
No spot 2023-01-08 02:54z
No spot 2023-01-08 02:56z
No spot 2023-01-08 02:58z
No spot 2023-01-08 03:00z
No spot 2023-01-08 03:02z
No spot 2023-01-08 03:04z
No spot 2023-01-08 03:06z
No spot 2023-01-08 03:08z
No spot 2023-01-08 03:10z
No spot 2023-01-08 03:12z
No spot 2023-01-08 03:14z
No spot 2023-01-08 03:16z
No spot 2023-01-08 03:18z
No spot 2023-01-08 03:20z
No spot 2023-01-08 03:22z
No spot 2023-01-08 03:24z
No spot 2023-01-08 03:26z
No spot 2023-01-08 03:28z
No spot 2023-01-08 03:30z
No spot 2023-01-08 03:32z
No spot 2023-01-08 03:34z
No spot 2023-01-08 03:36z
No spot 2023-01-08 03:38z
No spot 2023-01-08 03:40z
No spot 2023-01-08 03:42z
No spot 2023-01-08 03:44z
No spot 2023-01-08 03:46z
No spot 2023-01-08 03:48z
No spot 2023-01-08 03:50z
No spot 2023-01-08 03:52z
No spot 2023-01-08 03:54z
No spot 2023-01-08 03:56z
No spot 2023-01-08 03:58z
No spot 2023-01-08 04:00z
No spot 2023-01-08 04:02z
No spot 2023-01-08 04:04z
No spot 2023-01-08 04:06z
No spot 2023-01-08 04:08z
No spot 2023-01-08 04:10z
No spot 2023-01-08 04:12z
No spot 2023-01-08 04:14z
No spot 2023-01-08 04:16z
No spot 2023-01-08 04:18z
No spot 2023-01-08 04:20z
No spot 2023-01-08 04:22z
No spot 2023-01-08 04:24z
No spot 2023-01-08 04:26z
No spot 2023-01-08 04:28z
Bye!
Found 1 device(s):
  0:  Realtek, RTL2838UHIDIR, SN: 00000001

Using device 0: Generic RTL2832U OEM
Detached kernel driver
Found Rafael Micro R820T tuner
Enabled direct sampling mode, input 2
Allocating 15 zero-copy buffers

Starting rtlsdr-wsprd (2023-01-08, 04:30z) -- Version 0.5.4
  Callsign     : VU3ZAN
  Locator      : MK90it
  Dial freq.   : 3568600 Hz
  Real freq.   : 3568600 Hz
  PPM factor   : 0
  Gain         : 29 dB
Wait for time sync (start in 96 sec)

              Date  Time(z)    SNR     DT       Freq Dr    Call    Loc Pwr
No spot 2023-01-08 04:32z
No spot 2023-01-08 04:34z
No spot 2023-01-08 04:36z
No spot 2023-01-08 04:38z
No spot 2023-01-08 04:40z
No spot 2023-01-08 04:42z
No spot 2023-01-08 04:44z
No spot 2023-01-08 04:46z
No spot 2023-01-08 04:48z
No spot 2023-01-08 04:50z
No spot 2023-01-08 04:52z
No spot 2023-01-08 04:54z
No spot 2023-01-08 04:56z
No spot 2023-01-08 04:58z
No spot 2023-01-08 05:00z
No spot 2023-01-08 05:02z
No spot 2023-01-08 05:04z
No spot 2023-01-08 05:06z
No spot 2023-01-08 05:08z
No spot 2023-01-08 05:10z
No spot 2023-01-08 05:12z
No spot 2023-01-08 05:14z
No spot 2023-01-08 05:16z
No spot 2023-01-08 05:18z
No spot 2023-01-08 05:20z
No spot 2023-01-08 05:22z
No spot 2023-01-08 05:24z
No spot 2023-01-08 05:26z
No spot 2023-01-08 05:28z
No spot 2023-01-08 05:30z
No spot 2023-01-08 05:32z
No spot 2023-01-08 05:34z
No spot 2023-01-08 05:36z
No spot 2023-01-08 05:38z
No spot 2023-01-08 05:40z
No spot 2023-01-08 05:42z
No spot 2023-01-08 05:44z
No spot 2023-01-08 05:46z
No spot 2023-01-08 05:48z
No spot 2023-01-08 05:50z
No spot 2023-01-08 05:52z
No spot 2023-01-08 05:54z
No spot 2023-01-08 05:56z
No spot 2023-01-08 05:58z
No spot 2023-01-08 06:00z
No spot 2023-01-08 06:02z
No spot 2023-01-08 06:04z
No spot 2023-01-08 06:06z
No spot 2023-01-08 06:08z
No spot 2023-01-08 06:10z
No spot 2023-01-08 06:12z
No spot 2023-01-08 06:14z
No spot 2023-01-08 06:16z
No spot 2023-01-08 06:18z
No spot 2023-01-08 06:20z
No spot 2023-01-08 06:22z
No spot 2023-01-08 06:24z
No spot 2023-01-08 06:26z
No spot 2023-01-08 06:28z
No spot 2023-01-08 06:30z
No spot 2023-01-08 06:32z
No spot 2023-01-08 06:34z
No spot 2023-01-08 06:36z
No spot 2023-01-08 06:38z
No spot 2023-01-08 06:40z
No spot 2023-01-08 06:42z
No spot 2023-01-08 06:44z
No spot 2023-01-08 06:46z
No spot 2023-01-08 06:48z
No spot 2023-01-08 06:50z
No spot 2023-01-08 06:52z
No spot 2023-01-08 06:54z
No spot 2023-01-08 06:56z
No spot 2023-01-08 06:58z
No spot 2023-01-08 07:00z
No spot 2023-01-08 07:02z
No spot 2023-01-08 07:04z
No spot 2023-01-08 07:06z
No spot 2023-01-08 07:08z
No spot 2023-01-08 07:10z
No spot 2023-01-08 07:12z
No spot 2023-01-08 07:14z
No spot 2023-01-08 07:16z
No spot 2023-01-08 07:18z
No spot 2023-01-08 07:20z
No spot 2023-01-08 07:22z
No spot 2023-01-08 07:24z
No spot 2023-01-08 07:26z
No spot 2023-01-08 07:28z
No spot 2023-01-08 07:30z
No spot 2023-01-08 07:32z
No spot 2023-01-08 07:34z
No spot 2023-01-08 07:36z
No spot 2023-01-08 07:38z
No spot 2023-01-08 07:40z
No spot 2023-01-08 07:42z
No spot 2023-01-08 07:44z
No spot 2023-01-08 07:46z
No spot 2023-01-08 07:48z
No spot 2023-01-08 07:50z
No spot 2023-01-08 07:52z
No spot 2023-01-08 07:54z
No spot 2023-01-08 07:56z
No spot 2023-01-08 07:58z
No spot 2023-01-08 08:00z
No spot 2023-01-08 08:02z
No spot 2023-01-08 08:04z
No spot 2023-01-08 08:06z
No spot 2023-01-08 08:08z
No spot 2023-01-08 08:10z
No spot 2023-01-08 08:12z
No spot 2023-01-08 08:14z
No spot 2023-01-08 08:16z
No spot 2023-01-08 08:18z
No spot 2023-01-08 08:20z
No spot 2023-01-08 08:22z
No spot 2023-01-08 08:24z
No spot 2023-01-08 08:26z
No spot 2023-01-08 08:28z
No spot 2023-01-08 08:30z
No spot 2023-01-08 08:32z
No spot 2023-01-08 08:34z
No spot 2023-01-08 08:36z
No spot 2023-01-08 08:38z
No spot 2023-01-08 08:40z
No spot 2023-01-08 08:42z
No spot 2023-01-08 08:44z
No spot 2023-01-08 08:46z
No spot 2023-01-08 08:48z
No spot 2023-01-08 08:50z
No spot 2023-01-08 08:52z
No spot 2023-01-08 08:54z
No spot 2023-01-08 08:56z
No spot 2023-01-08 08:58z
No spot 2023-01-08 09:00z
No spot 2023-01-08 09:02z
No spot 2023-01-08 09:04z
No spot 2023-01-08 09:06z
No spot 2023-01-08 09:08z
No spot 2023-01-08 09:10z
No spot 2023-01-08 09:12z
No spot 2023-01-08 09:14z
No spot 2023-01-08 09:16z
No spot 2023-01-08 09:18z
No spot 2023-01-08 09:20z
No spot 2023-01-08 09:22z
No spot 2023-01-08 09:24z
No spot 2023-01-08 09:26z
No spot 2023-01-08 09:28z
No spot 2023-01-08 09:30z
No spot 2023-01-08 09:32z
No spot 2023-01-08 09:34z
No spot 2023-01-08 09:36z
No spot 2023-01-08 09:38z
No spot 2023-01-08 09:40z
No spot 2023-01-08 09:42z
No spot 2023-01-08 09:44z
No spot 2023-01-08 09:46z
No spot 2023-01-08 09:48z
No spot 2023-01-08 09:50z
No spot 2023-01-08 09:52z
No spot 2023-01-08 09:54z
No spot 2023-01-08 09:56z
No spot 2023-01-08 09:58z
No spot 2023-01-08 10:00z
No spot 2023-01-08 10:02z
No spot 2023-01-08 10:04z
No spot 2023-01-08 10:06z
No spot 2023-01-08 10:08z
No spot 2023-01-08 10:10z
No spot 2023-01-08 10:12z
No spot 2023-01-08 10:16z
No spot 2023-01-08 10:18z
No spot 2023-01-08 10:20z
No spot 2023-01-08 10:22z
No spot 2023-01-08 10:24z
No spot 2023-01-08 10:26z
No spot 2023-01-08 10:28z
No spot 2023-01-08 10:30z
No spot 2023-01-08 10:32z
No spot 2023-01-08 10:34z
No spot 2023-01-08 10:36z
No spot 2023-01-08 10:38z
No spot 2023-01-08 10:40z
No spot 2023-01-08 10:42z
No spot 2023-01-08 10:44z
No spot 2023-01-08 10:46z
No spot 2023-01-08 10:48z
No spot 2023-01-08 10:50z
No spot 2023-01-08 10:52z
No spot 2023-01-08 10:54z
No spot 2023-01-08 10:56z
No spot 2023-01-08 10:58z
No spot 2023-01-08 11:00z
No spot 2023-01-08 11:02z
No spot 2023-01-08 11:04z
No spot 2023-01-08 11:06z
No spot 2023-01-08 11:08z
No spot 2023-01-08 11:10z
No spot 2023-01-08 11:12z
No spot 2023-01-08 11:14z
No spot 2023-01-08 11:16z
No spot 2023-01-08 11:18z
No spot 2023-01-08 11:20z
No spot 2023-01-08 11:22z
No spot 2023-01-08 11:24z
No spot 2023-01-08 11:26z
No spot 2023-01-08 11:28z
No spot 2023-01-08 11:30z
No spot 2023-01-08 11:32z
No spot 2023-01-08 11:34z
No spot 2023-01-08 11:36z
No spot 2023-01-08 11:38z
No spot 2023-01-08 11:40z
No spot 2023-01-08 11:42z
No spot 2023-01-08 11:44z
No spot 2023-01-08 11:46z
No spot 2023-01-08 11:48z
No spot 2023-01-08 11:50z
No spot 2023-01-08 11:52z
No spot 2023-01-08 11:54z
No spot 2023-01-08 11:56z
No spot 2023-01-08 11:58z
No spot 2023-01-08 12:00z
No spot 2023-01-08 12:02z
No spot 2023-01-08 12:04z
No spot 2023-01-08 12:06z
No spot 2023-01-08 12:08z
No spot 2023-01-08 12:10z
No spot 2023-01-08 12:12z
No spot 2023-01-08 12:14z
No spot 2023-01-08 12:16z
No spot 2023-01-08 12:18z
No spot 2023-01-08 12:20z
No spot 2023-01-08 12:22z
No spot 2023-01-08 12:24z
No spot 2023-01-08 12:26z
No spot 2023-01-08 12:28z
No spot 2023-01-08 12:30z
No spot 2023-01-08 12:32z
No spot 2023-01-08 12:34z
No spot 2023-01-08 12:36z
No spot 2023-01-08 12:38z
No spot 2023-01-08 12:40z
No spot 2023-01-08 12:42z
No spot 2023-01-08 12:44z
No spot 2023-01-08 12:46z
No spot 2023-01-08 12:48z
No spot 2023-01-08 12:50z
No spot 2023-01-08 12:52z
No spot 2023-01-08 12:54z
No spot 2023-01-08 12:56z
No spot 2023-01-08 12:58z
No spot 2023-01-08 13:00z
No spot 2023-01-08 13:02z
No spot 2023-01-08 13:04z
No spot 2023-01-08 13:06z
No spot 2023-01-08 13:08z
No spot 2023-01-08 13:10z
No spot 2023-01-08 13:12z
No spot 2023-01-08 13:14z
No spot 2023-01-08 13:16z
No spot 2023-01-08 13:18z
No spot 2023-01-08 13:20z
No spot 2023-01-08 13:22z
No spot 2023-01-08 13:24z
No spot 2023-01-08 13:26z
No spot 2023-01-08 13:28z
No spot 2023-01-08 13:30z
No spot 2023-01-08 13:32z
No spot 2023-01-08 13:34z
No spot 2023-01-08 13:36z
No spot 2023-01-08 13:38z
No spot 2023-01-08 13:40z
No spot 2023-01-08 13:42z
No spot 2023-01-08 13:44z
No spot 2023-01-08 13:46z
No spot 2023-01-08 13:48z
No spot 2023-01-08 13:50z
No spot 2023-01-08 13:52z
No spot 2023-01-08 13:54z
No spot 2023-01-08 13:56z
No spot 2023-01-08 13:58z
No spot 2023-01-08 14:00z
No spot 2023-01-08 14:02z
No spot 2023-01-08 14:04z
No spot 2023-01-08 14:06z
No spot 2023-01-08 14:08z
No spot 2023-01-08 14:10z
No spot 2023-01-08 14:12z
No spot 2023-01-08 14:14z
No spot 2023-01-08 14:16z
No spot 2023-01-08 14:18z
No spot 2023-01-08 14:20z
No spot 2023-01-08 14:22z
No spot 2023-01-08 14:24z
No spot 2023-01-08 14:26z
No spot 2023-01-08 14:28z
No spot 2023-01-08 14:30z
No spot 2023-01-08 14:34z
No spot 2023-01-08 14:36z
No spot 2023-01-08 14:38z
No spot 2023-01-08 14:40z
No spot 2023-01-08 14:42z
No spot 2023-01-08 14:46z
No spot 2023-01-08 14:48z
No spot 2023-01-08 14:50z
No spot 2023-01-08 14:52z
No spot 2023-01-08 14:54z
No spot 2023-01-08 14:56z
No spot 2023-01-08 14:58z
No spot 2023-01-08 15:00z
No spot 2023-01-08 15:02z
No spot 2023-01-08 15:04z
No spot 2023-01-08 15:06z
No spot 2023-01-08 15:08z
No spot 2023-01-08 15:10z
No spot 2023-01-08 15:12z
No spot 2023-01-08 15:14z
No spot 2023-01-08 15:16z
No spot 2023-01-08 15:18z
No spot 2023-01-08 15:20z
No spot 2023-01-08 15:22z
No spot 2023-01-08 15:24z
No spot 2023-01-08 15:26z
No spot 2023-01-08 15:28z
No spot 2023-01-08 15:30z
No spot 2023-01-08 15:32z
No spot 2023-01-08 15:34z
No spot 2023-01-08 15:36z
No spot 2023-01-08 15:38z
No spot 2023-01-08 15:40z
No spot 2023-01-08 15:42z
No spot 2023-01-08 15:44z
No spot 2023-01-08 15:46z
No spot 2023-01-08 15:48z
No spot 2023-01-08 15:50z
No spot 2023-01-08 15:52z
No spot 2023-01-08 15:54z
No spot 2023-01-08 15:56z
No spot 2023-01-08 15:58z
No spot 2023-01-08 16:00z
No spot 2023-01-08 16:02z
No spot 2023-01-08 16:04z
No spot 2023-01-08 16:06z
No spot 2023-01-08 16:08z
No spot 2023-01-08 16:10z
No spot 2023-01-08 16:12z
No spot 2023-01-08 16:14z
No spot 2023-01-08 16:16z
No spot 2023-01-08 16:18z
No spot 2023-01-08 16:20z
No spot 2023-01-08 16:22z
No spot 2023-01-08 16:24z
No spot 2023-01-08 16:26z
No spot 2023-01-08 16:28z
No spot 2023-01-08 16:30z
No spot 2023-01-08 16:32z
No spot 2023-01-08 16:34z
No spot 2023-01-08 16:36z
No spot 2023-01-08 16:38z
No spot 2023-01-08 16:40z
No spot 2023-01-08 16:42z
No spot 2023-01-08 16:44z
No spot 2023-01-08 16:46z
No spot 2023-01-08 16:48z
No spot 2023-01-08 16:50z
No spot 2023-01-08 16:52z
No spot 2023-01-08 16:54z
No spot 2023-01-08 16:56z
No spot 2023-01-08 16:58z
No spot 2023-01-08 17:00z
No spot 2023-01-08 17:02z
No spot 2023-01-08 17:04z
No spot 2023-01-08 17:06z
No spot 2023-01-08 17:08z
No spot 2023-01-08 17:10z
No spot 2023-01-08 17:12z
No spot 2023-01-08 17:14z
No spot 2023-01-08 17:16z
No spot 2023-01-08 17:18z
No spot 2023-01-08 17:20z
No spot 2023-01-08 17:22z
No spot 2023-01-08 17:24z
No spot 2023-01-08 17:26z
No spot 2023-01-08 17:28z
No spot 2023-01-08 17:30z
No spot 2023-01-08 17:32z
No spot 2023-01-08 17:34z
No spot 2023-01-08 17:36z
No spot 2023-01-08 17:38z
No spot 2023-01-08 17:40z
No spot 2023-01-08 17:42z
No spot 2023-01-08 17:44z
No spot 2023-01-08 17:46z
No spot 2023-01-08 17:48z
No spot 2023-01-08 17:50z
No spot 2023-01-08 17:52z
No spot 2023-01-08 17:54z
No spot 2023-01-08 17:56z
No spot 2023-01-08 17:58z
No spot 2023-01-08 18:00z
No spot 2023-01-08 18:02z
No spot 2023-01-08 18:04z
No spot 2023-01-08 18:06z
No spot 2023-01-08 18:08z
No spot 2023-01-08 18:10z
No spot 2023-01-08 18:12z
No spot 2023-01-08 18:14z
No spot 2023-01-08 18:16z
No spot 2023-01-08 18:18z
No spot 2023-01-08 18:20z
No spot 2023-01-08 18:22z
No spot 2023-01-08 18:24z
No spot 2023-01-08 18:26z
No spot 2023-01-08 18:28z
No spot 2023-01-08 18:32z
No spot 2023-01-08 18:34z
No spot 2023-01-08 18:36z
No spot 2023-01-08 18:38z
No spot 2023-01-08 18:40z
No spot 2023-01-08 18:42z
No spot 2023-01-08 18:44z
No spot 2023-01-08 18:46z
No spot 2023-01-08 18:48z
No spot 2023-01-08 18:50z
No spot 2023-01-08 18:52z
No spot 2023-01-08 18:54z
No spot 2023-01-08 18:56z
No spot 2023-01-08 18:58z
No spot 2023-01-08 19:00z
No spot 2023-01-08 19:02z
No spot 2023-01-08 19:04z
No spot 2023-01-08 19:06z
No spot 2023-01-08 19:08z
No spot 2023-01-08 19:10z
No spot 2023-01-08 19:12z
No spot 2023-01-08 19:14z
No spot 2023-01-08 19:16z
No spot 2023-01-08 19:18z
No spot 2023-01-08 19:20z
No spot 2023-01-08 19:22z
No spot 2023-01-08 19:24z
No spot 2023-01-08 19:26z
No spot 2023-01-08 19:28z
No spot 2023-01-08 19:30z
No spot 2023-01-08 19:32z
No spot 2023-01-08 19:34z
No spot 2023-01-08 19:36z
No spot 2023-01-08 19:38z
No spot 2023-01-08 19:40z
No spot 2023-01-08 19:42z
No spot 2023-01-08 19:44z
No spot 2023-01-08 19:46z
No spot 2023-01-08 19:48z
No spot 2023-01-08 19:50z
No spot 2023-01-08 19:52z
No spot 2023-01-08 19:54z
No spot 2023-01-08 19:56z
No spot 2023-01-08 19:58z
No spot curl_easy_perform() failed: Couldn't resolve host name
curl_easy_perform() failed: Timeout was reached
2023-01-08 20:00z
No spot 2023-01-08 20:02z
No spot 2023-01-08 20:04z
No spot 2023-01-08 20:06z
No spot 2023-01-08 20:08z
No spot 2023-01-08 20:10z
No spot 2023-01-08 20:12z
No spot 2023-01-08 20:14z
No spot 2023-01-08 20:16z
No spot 2023-01-08 20:18z
No spot 2023-01-08 20:20z
No spot 2023-01-08 20:22z
No spot 2023-01-08 20:24z
No spot 2023-01-08 20:26z
No spot 2023-01-08 20:28z
No spot 2023-01-08 20:30z
No spot 2023-01-08 20:32z
No spot 2023-01-08 20:34z
No spot 2023-01-08 20:36z
No spot 2023-01-08 20:38z
No spot 2023-01-08 20:40z
No spot 2023-01-08 20:42z
No spot 2023-01-08 20:44z
No spot 2023-01-08 20:46z
No spot 2023-01-08 20:48z
No spot 2023-01-08 20:50z
No spot 2023-01-08 20:52z
No spot 2023-01-08 20:54z
No spot 2023-01-08 20:56z
No spot 2023-01-08 20:58z
No spot 2023-01-08 21:00z
No spot 2023-01-08 21:02z
No spot 2023-01-08 21:04z
No spot 2023-01-08 21:06z
No spot 2023-01-08 21:08z
No spot 2023-01-08 21:10z
No spot 2023-01-08 21:12z
No spot 2023-01-08 21:14z
No spot 2023-01-08 21:16z
No spot 2023-01-08 21:18z
No spot 2023-01-08 21:20z
No spot 2023-01-08 21:22z
No spot 2023-01-08 21:24z
No spot 2023-01-08 21:26z
No spot 2023-01-08 21:28z
No spot 2023-01-08 21:30z
No spot 2023-01-08 21:32z
No spot 2023-01-08 21:34z
No spot 2023-01-08 21:36z
No spot 2023-01-08 21:38z
No spot 2023-01-08 21:40z
No spot 2023-01-08 21:42z
No spot 2023-01-08 21:44z
No spot 2023-01-08 21:46z
No spot 2023-01-08 21:48z
No spot 2023-01-08 21:50z
No spot 2023-01-08 21:52z
No spot 2023-01-08 21:54z
No spot 2023-01-08 21:56z
No spot 2023-01-08 21:58z
No spot 2023-01-08 22:00z
No spot 2023-01-08 22:02z
No spot 2023-01-08 22:04z
No spot 2023-01-08 22:06z
No spot 2023-01-08 22:08z
No spot 2023-01-08 22:10z
No spot 2023-01-08 22:12z
No spot 2023-01-08 22:14z
No spot 2023-01-08 22:16z
No spot 2023-01-08 22:18z
No spot 2023-01-08 22:20z
No spot 2023-01-08 22:22z
No spot 2023-01-08 22:24z
No spot 2023-01-08 22:26z
No spot 2023-01-08 22:28z
No spot 2023-01-08 22:30z
No spot 2023-01-08 22:32z
No spot 2023-01-08 22:34z
No spot 2023-01-08 22:36z
No spot 2023-01-08 22:38z
No spot 2023-01-08 22:40z
No spot 2023-01-08 22:42z
No spot 2023-01-08 22:44z
No spot 2023-01-08 22:46z
No spot 2023-01-08 22:48z
No spot 2023-01-08 22:50z
No spot 2023-01-08 22:52z
No spot 2023-01-08 22:54z
No spot 2023-01-08 22:56z
No spot 2023-01-08 22:58z
No spot 2023-01-08 23:00z
No spot 2023-01-08 23:02z
No spot 2023-01-08 23:04z
No spot 2023-01-08 23:06z
No spot 2023-01-08 23:08z
No spot 2023-01-08 23:10z
No spot 2023-01-08 23:12z
No spot 2023-01-08 23:14z
No spot 2023-01-08 23:16z
No spot 2023-01-08 23:18z
No spot 2023-01-08 23:20z
No spot 2023-01-08 23:22z
No spot 2023-01-08 23:24z
No spot 2023-01-08 23:26z
No spot 2023-01-08 23:28z
No spot 2023-01-08 23:30z
No spot 2023-01-08 23:32z
No spot 2023-01-08 23:34z
No spot 2023-01-08 23:36z
No spot 2023-01-08 23:38z
No spot 2023-01-08 23:40z
No spot 2023-01-08 23:42z
No spot 2023-01-08 23:44z
No spot 2023-01-08 23:46z
No spot 2023-01-08 23:48z
No spot 2023-01-08 23:50z
No spot 2023-01-08 23:52z
No spot 2023-01-08 23:54z
No spot 2023-01-08 23:56z
No spot 2023-01-08 23:58z
No spot 2023-01-09 00:00z
No spot 2023-01-09 00:02z
No spot 2023-01-09 00:04z
No spot 2023-01-09 00:06z
No spot 2023-01-09 00:08z
No spot 2023-01-09 00:12z
No spot 2023-01-09 00:14z
No spot 2023-01-09 00:16z
No spot 2023-01-09 00:18z
No spot 2023-01-09 00:20z
No spot 2023-01-09 00:22z
No spot 2023-01-09 00:24z
No spot 2023-01-09 00:26z
No spot 2023-01-09 00:28z
No spot 2023-01-09 00:30z
No spot 2023-01-09 00:32z
No spot 2023-01-09 00:34z
No spot 2023-01-09 00:36z
No spot 2023-01-09 00:38z
No spot 2023-01-09 00:40z
No spot 2023-01-09 00:42z
No spot 2023-01-09 00:44z
No spot 2023-01-09 00:46z
No spot 2023-01-09 00:48z
No spot 2023-01-09 00:50z
No spot 2023-01-09 00:52z
No spot 2023-01-09 00:54z
No spot 2023-01-09 00:56z
No spot 2023-01-09 00:58z
No spot 2023-01-09 01:00z
No spot 2023-01-09 01:02z
No spot 2023-01-09 01:04z
No spot 2023-01-09 01:06z
No spot 2023-01-09 01:08z
No spot 2023-01-09 01:10z
No spot 2023-01-09 01:12z
No spot 2023-01-09 01:14z
No spot 2023-01-09 01:
----------------------------------------------
Running reception on 80 meters
Using script : 80mF
using wsprd band parameter 80m
Sun 08 Jan 2023 10:00:02 AM IST
Signal caught 15, exiting!
Reattached kernel driver
16z
No spot 2023-01-09 01:18z
No spot 2023-01-09 01:20z
No spot 2023-01-09 01:22z
No spot 2023-01-09 01:24z
No spot 2023-01-09 01:26z
No spot 2023-01-09 01:28z
No spot 2023-01-09 01:30z
No spot 2023-01-09 01:32z
No spot 2023-01-09 01:34z
No spot 2023-01-09 01:36z
No spot 2023-01-09 01:38z
No spot 2023-01-09 01:40z
No spot 2023-01-09 01:42z
No spot 2023-01-09 01:44z
No spot 2023-01-09 01:46z
No spot 2023-01-09 01:48z
No spot 2023-01-09 01:50z
No spot 2023-01-09 01:52z
No spot 2023-01-09 01:54z
No spot 2023-01-09 01:56z
No spot 2023-01-09 01:58z
No spot 2023-01-09 02:00z
No spot 2023-01-09 02:02z
No spot 2023-01-09 02:04z
No spot 2023-01-09 02:06z
No spot 2023-01-09 02:08z
No spot 2023-01-09 02:10z
No spot 2023-01-09 02:12z
No spot 2023-01-09 02:14z
No spot 2023-01-09 02:16z
No spot 2023-01-09 02:18z
No spot 2023-01-09 02:20z
No spot 2023-01-09 02:22z
No spot 2023-01-09 02:24z
No spot 2023-01-09 02:26z
No spot 2023-01-09 02:28z
No spot 2023-01-09 02:30z
No spot 2023-01-09 02:32z
No spot 2023-01-09 02:34z
No spot 2023-01-09 02:36z
No spot 2023-01-09 02:38z
No spot 2023-01-09 02:40z
No spot 2023-01-09 02:42z
No spot 2023-01-09 02:44z
No spot 2023-01-09 02:46z
No spot 2023-01-09 02:48z
No spot 2023-01-09 02:50z
No spot 2023-01-09 02:52z
No spot 2023-01-09 02:54z
No spot 2023-01-09 02:56z
No spot 2023-01-09 02:58z
No spot 2023-01-09 03:00z
No spot 2023-01-09 03:02z
No spot 2023-01-09 03:04z
No spot 2023-01-09 03:06z
No spot 2023-01-09 03:08z
No spot 2023-01-09 03:10z
No spot 2023-01-09 03:12z
No spot 2023-01-09 03:14z
No spot 2023-01-09 03:16z
No spot 2023-01-09 03:18z
No spot 2023-01-09 03:20z
No spot 2023-01-09 03:22z
No spot 2023-01-09 03:24z
No spot 2023-01-09 03:26z
No spot 2023-01-09 03:28z
No spot 2023-01-09 03:30z
No spot 2023-01-09 03:32z
No spot 2023-01-09 03:34z
No spot 2023-01-09 03:36z
No spot 2023-01-09 03:38z
No spot 2023-01-09 03:40z
No spot 2023-01-09 03:42z
No spot 2023-01-09 03:44z
No spot 2023-01-09 03:46z
No spot 2023-01-09 03:48z
No spot 2023-01-09 03:50z
No spot 2023-01-09 03:52z
No spot 2023-01-09 03:54z
No spot 2023-01-09 03:56z
No spot 2023-01-09 03:58z
No spot 2023-01-09 04:00z
No spot 2023-01-09 04:02z
No spot 2023-01-09 04:04z
No spot 2023-01-09 04:06z
No spot 2023-01-09 04:08z
No spot 2023-01-09 04:10z
No spot 2023-01-09 04:12z
No spot 2023-01-09 04:14z
No spot 2023-01-09 04:16z
No spot 2023-01-09 04:18z
No spot 2023-01-09 04:20z
No spot 2023-01-09 04:22z
Bye!
