Log File for Guenael rtlsdr_wsprd
For the FILE VIEWER, f / b / q = forward / backward / quit

----------------------------------------------
NEW LOG FILE NOW OPENED
Thu 26 Jan 2023 10:55:35 AM IST
* * * * Running reception on : 20 meters
* * * * Using band script    : 3mR.sh
* * * * Using band parameter ::20m
Thu 26 Jan 2023 11:00:01 AM IST

---Kill earlier WSPR rtlsdr_wsprd session---
Found 1 device(s):
  0:  Realtek, RTL2838UHIDIR, SN: 00000001

Using device 0: Generic RTL2832U OEM
Detached kernel driver
Found Rafael Micro R820T tuner
Enabled direct sampling mode, input 2
Allocating 15 zero-copy buffers

----------------------------------------------
* * * * Running reception on : 20 meters
* * * * Using band script    : 3mR.sh
* * * * Using band parameter ::20m
* * * * Thu 26 Jan 2023 11:00:01 AM IST

---Kill earlier WSPR rtlsdr_wsprd session---
Signal caught 15, exiting!
Reattached kernel driver
Found 1 device(s):
  0:  Realtek, RTL2838UHIDIR, SN: 00000001

Using device 0: Generic RTL2832U OEM
Detached kernel driver
Found Rafael Micro R820T tuner
Enabled direct sampling mode, input 2
Allocating 15 zero-copy buffers

Starting rtlsdr-wsprd (2023-01-26, 05:30z) -- Version 0.5.4
  Callsign     : VU3ZAN
  Locator      : MK90it
  Dial freq.   : 14095600 Hz
  Real freq.   : 14095600 Hz
  PPM factor   : 0
  Gain         : 29 dB
Wait for time sync (start in 97 sec)

              Date  Time(z)    SNR     DT       Freq Dr    Call    Loc Pwr
No spot 2023-01-26 05:32z
No spot 2023-01-26 05:34z
No spot 2023-01-26 05:36z
No spot 2023-01-26 05:38z
No spot 2023-01-26 05:40z
No spot 2023-01-26 05:42z
No spot 2023-01-26 05:44z
No spot 2023-01-26 05:46z
No spot 2023-01-26 05:48z
No spot 2023-01-26 05:50z
No spot 2023-01-26 05:52z
No spot 2023-01-26 05:54z
No spot 2023-01-26 05:56z
No spot 2023-01-26 05:58z
Bye!

----------------------------------------------
* * * * Running reception on : 40 meters
* * * * Using band script    : 4mR.sh
* * * * Using band parameter ::40m
* * * * Thu 26 Jan 2023 11:30:02 AM IST

---Kill earlier WSPR rtlsdr_wsprd session---
Signal caught 15, exiting!
Reattached kernel driver
Found 1 device(s):
  0:  Realtek, RTL2838UHIDIR, SN: 00000001

Using device 0: Generic RTL2832U OEM
Detached kernel driver
Found Rafael Micro R820T tuner
Enabled direct sampling mode, input 2
Allocating 15 zero-copy buffers

Starting rtlsdr-wsprd (2023-01-26, 06:00z) -- Version 0.5.4
  Callsign     : VU3ZAN
  Locator      : MK90it
  Dial freq.   : 7038600 Hz
  Real freq.   : 7038600 Hz
  PPM factor   : 0
  Gain         : 29 dB
Wait for time sync (start in 96 sec)

              Date  Time(z)    SNR     DT       Freq Dr    Call    Loc Pwr
No spot 2023-01-26 06:02z
No spot 2023-01-26 06:04z
No spot 2023-01-26 06:06z
No spot 2023-01-26 06:08z
No spot 2023-01-26 06:10z
No spot 2023-01-26 06:12z
No spot 2023-01-26 06:14z
No spot 2023-01-26 06:16z
No spot 2023-01-26 06:18z
No spot 2023-01-26 06:20z
No spot 2023-01-26 06:22z
No spot 2023-01-26 06:24z
No spot 2023-01-26 06:26z
No spot 2023-01-26 06:28z
Bye!

----------------------------------------------
* * * * Running reception on : 80 meters
* * * * Using band script    : 5mR.sh
* * * * Using band parameter ::80m
* * * * Thu 26 Jan 2023 12:00:01 PM IST

---Kill earlier WSPR rtlsdr_wsprd session---
Signal caught 15, exiting!
Reattached kernel driver
Found 1 device(s):
  0:  Realtek, RTL2838UHIDIR, SN: 00000001

Using device 0: Generic RTL2832U OEM
Detached kernel driver
Found Rafael Micro R820T tuner
[R82XX] PLL not locked!
Allocating 15 zero-copy buffers

Starting rtlsdr-wsprd (2023-01-26, 06:30z) -- Version 0.5.4
  Callsign     : VU3ZAN
  Locator      : MK90it
  Dial freq.   : 3568600 Hz
  Real freq.   : 3568600 Hz
  PPM factor   : 0
  Gain         : 29 dB
Wait for time sync (start in 96 sec)

              Date  Time(z)    SNR     DT       Freq Dr    Call    Loc Pwr
No spot 2023-01-26 06:32z
No spot 2023-01-26 06:34z
No spot 2023-01-26 06:36z
No spot 2023-01-26 06:38z
No spot 2023-01-26 06:40z
No spot 2023-01-26 06:42z
No spot 2023-01-26 06:44z
No spot 2023-01-26 06:46z
No spot 2023-01-26 06:48z
No spot 2023-01-26 06:50z
No spot 2023-01-26 06:52z
No spot 2023-01-26 06:54z
No spot 2023-01-26 06:56z
No spot 2023-01-26 06:58z
Bye!

----------------------------------------------
* * * * Running reception on : 6 meters
* * * * Using band script    : 6mR.sh
* * * * Using band parameter ::6m
* * * * Thu 26 Jan 2023 12:30:01 PM IST

---Kill earlier WSPR rtlsdr_wsprd session---
Signal caught 15, exiting!
Reattached kernel driver
Found 1 device(s):
  0:  Realtek, RTL2838UHIDIR, SN: 00000001

Using device 0: Generic RTL2832U OEM
Detached kernel driver
Found Rafael Micro R820T tuner
[R82XX] PLL not locked!
Allocating 15 zero-copy buffers

Starting rtlsdr-wsprd (2023-01-26, 07:00z) -- Version 0.5.4
  Callsign     : VU3ZAN
  Locator      : MK90it
  Dial freq.   : 50293000 Hz
  Real freq.   : 50293000 Hz
  PPM factor   : 0
  Gain         : 29 dB
Wait for time sync (start in 96 sec)

              Date  Time(z)    SNR     DT       Freq Dr    Call    Loc Pwr
No spot 2023-01-26 07:02z
No spot 2023-01-26 07:04z
No spot 2023-01-26 07:06z
No spot 2023-01-26 07:08z
No spot 2023-01-26 07:10z
No spot 2023-01-26 07:12z
No spot 2023-01-26 07:14z
No spot 2023-01-26 07:16z
No spot 2023-01-26 07:18z
No spot 2023-01-26 07:20z
No spot 2023-01-26 07:22z
No spot 2023-01-26 07:24z
No spot 2023-01-26 07:26z
No spot 2023-01-26 07:28z
Bye!

----------------------------------------------
* * * * Running reception on : 10 meters
* * * * Using band script    : 1mR.sh
* * * * Using band parameter ::28.1246M
* * * * Thu 26 Jan 2023 01:00:01 PM IST

---Kill earlier WSPR rtlsdr_wsprd session---
Signal caught 15, exiting!
Reattached kernel driver
Found 1 device(s):
  0:  Realtek, RTL2838UHIDIR, SN: 00000001

Using device 0: Generic RTL2832U OEM
Detached kernel driver
Found Rafael Micro R820T tuner
Enabled direct sampling mode, input 2
Allocating 15 zero-copy buffers

Starting rtlsdr-wsprd (2023-01-26, 07:30z) -- Version 0.5.4
  Callsign     : VU3ZAN
  Locator      : MK90it
  Dial freq.   : 28124600 Hz
  Real freq.   : 28124600 Hz
  PPM factor   : 0
  Gain         : 29 dB
Wait for time sync (start in 96 sec)

              Date  Time(z)    SNR     DT       Freq Dr    Call    Loc Pwr
No spot 2023-01-26 07:32z
Spot :  2023-01-26 07:34:00 -23.61   1.07  28.126156  0   DL6NL   JO50 30
Spot :  2023-01-26 07:36:00 -22.27   1.01  28.126156  0   DL6NL   JO50 30
Spot :  2023-01-26 07:38:00 -21.94   1.09  28.126156  0   DL6NL   JO50 30
No spot 2023-01-26 07:40z
No spot 2023-01-26 07:42z
Spot :  2023-01-26 07:44:00 -22.04  -0.83  28.126144  0  DL4YCC   JO41 37
Spot :  2023-01-26 07:46:00 -18.72   1.18  28.126156  0   DL6NL   JO50 30
Spot :  2023-01-26 07:46:00 -19.71  -0.89  28.126145  1  DL4YCC   JO41 37
Spot :  2023-01-26 07:46:00 -22.57   0.22  28.126149  0  DO2JBB   JO41 33
No spot 2023-01-26 07:48z
Spot :  2023-01-26 07:50:00 -20.75  -0.81  28.126147  1  DL4YCC   JO41 37
Spot :  2023-01-26 07:50:00 -21.54   1.18  28.126156  0   DL6NL   JO50 30
No spot 2023-01-26 07:52z
Spot :  2023-01-26 07:54:00 -20.30   1.07  28.126156  0   DL6NL   JO50 30
No spot 2023-01-26 07:56z
Spot :  2023-01-26 07:58:00 -22.23  -0.74  28.126148  0  DL4YCC   JO41 37
Spot :  2023-01-26 07:58:00 -23.15   1.07  28.126157  0   DL6NL   JO50 30
Bye!

----------------------------------------------
* * * * Running reception on : 15 meters
* * * * Using band script    : 2mR.sh
* * * * Using band parameter ::15m
* * * * Thu 26 Jan 2023 01:30:01 PM IST

---Kill earlier WSPR rtlsdr_wsprd session---
Signal caught 15, exiting!
Reattached kernel driver

Starting rtlsdr-wsprd (2023-01-26, 08:00z) -- Version 0.5.4
  Callsign     : VU3ZAN
  Locator      : MK90it
  Dial freq.   : 21094600 Hz
  Real freq.   : 21094600 Hz
  PPM factor   : 0
  Gain         : 29 dB
Wait for time sync (start in 96 sec)

              Date  Time(z)    SNR     DT       Freq Dr    Call    Loc Pwr
No spot 2023-01-26 08:02z
No spot 2023-01-26 08:04z
No spot 2023-01-26 08:06z
No spot 2023-01-26 08:08z
No spot 2023-01-26 08:10z
No spot 2023-01-26 08:12z
No spot 2023-01-26 08:14z
No spot 2023-01-26 08:16z
No spot 2023-01-26 08:18z
No spot 2023-01-26 08:20z
No spot 2023-01-26 08:22z
No spot 2023-01-26 08:24z
No spot 2023-01-26 08:26z
No spot 2023-01-26 08:28z
Bye!
Found 1 device(s):
  0:  Realtek, RTL2838UHIDIR, SN: 00000001

Using device 0: Generic RTL2832U OEM
Detached kernel driver
Found Rafael Micro R820T tuner
Enabled direct sampling mode, input 2
Allocating 15 zero-copy buffers

----------------------------------------------
* * * * Running reception on : 20 meters
* * * * Using band script    : 3mR.sh
* * * * Using band parameter ::20m
* * * * Thu 26 Jan 2023 02:00:02 PM IST

---Kill earlier WSPR rtlsdr_wsprd session---
Signal caught 15, exiting!
Reattached kernel driver
Found 1 device(s):
  0:  Realtek, RTL2838UHIDIR, SN: 00000001

Using device 0: Generic RTL2832U OEM
Detached kernel driver
Found Rafael Micro R820T tuner
Enabled direct sampling mode, input 2
Allocating 15 zero-copy buffers

Starting rtlsdr-wsprd (2023-01-26, 08:30z) -- Version 0.5.4
  Callsign     : VU3ZAN
  Locator      : MK90it
  Dial freq.   : 14095600 Hz
  Real freq.   : 14095600 Hz
  PPM factor   : 0
  Gain         : 29 dB
Wait for time sync (start in 96 sec)

              Date  Time(z)    SNR     DT       Freq Dr    Call    Loc Pwr
No spot 2023-01-26 08:32z
No spot 2023-01-26 08:34z
No spot 2023-01-26 08:36z
No spot 2023-01-26 08:38z
No spot 2023-01-26 08:40z
No spot 2023-01-26 08:42z
No spot 2023-01-26 08:44z
No spot 2023-01-26 08:46z
No spot 2023-01-26 08:48z
No spot 2023-01-26 08:50z
No spot 2023-01-26 08:52z
No spot 2023-01-26 08:54z
No spot 2023-01-26 08:56z
No spot 2023-01-26 08:58z
Bye!

----------------------------------------------
* * * * Running reception on : 40 meters
* * * * Using band script    : 4mR.sh
* * * * Using band parameter ::40m
* * * * Thu 26 Jan 2023 02:30:01 PM IST

---Kill earlier WSPR rtlsdr_wsprd session---
Signal caught 15, exiting!
Reattached kernel driver
Found 1 device(s):
  0:  Realtek, RTL2838UHIDIR, SN: 00000001

Using device 0: Generic RTL2832U OEM
Detached kernel driver
Found Rafael Micro R820T tuner
Enabled direct sampling mode, input 2
Allocating 15 zero-copy buffers

Starting rtlsdr-wsprd (2023-01-26, 09:00z) -- Version 0.5.4
  Callsign     : VU3ZAN
  Locator      : MK90it
  Dial freq.   : 7038600 Hz
  Real freq.   : 7038600 Hz
  PPM factor   : 0
  Gain         : 29 dB
Wait for time sync (start in 96 sec)

              Date  Time(z)    SNR     DT       Freq Dr    Call    Loc Pwr
No spot 2023-01-26 09:02z
No spot 2023-01-26 09:04z
No spot 2023-01-26 09:06z
No spot 2023-01-26 09:08z
No spot 2023-01-26 09:10z
No spot 2023-01-26 09:12z
No spot 2023-01-26 09:14z
No spot 2023-01-26 09:16z
No spot 2023-01-26 09:18z
No spot 2023-01-26 09:20z
No spot 2023-01-26 09:22z
No spot 2023-01-26 09:24z
No spot 2023-01-26 09:26z
No spot 2023-01-26 09:28z
Bye!

----------------------------------------------
* * * * Running reception on : 80 meters
* * * * Using band script    : 5mR.sh
* * * * Using band parameter ::80m
* * * * Thu 26 Jan 2023 03:00:01 PM IST

---Kill earlier WSPR rtlsdr_wsprd session---
Signal caught 15, exiting!
Reattached kernel driver
Found 1 device(s):
  0:  Realtek, RTL2838UHIDIR, SN: 00000001

Using device 0: Generic RTL2832U OEM
Detached kernel driver
Found Rafael Micro R820T tuner
[R82XX] PLL not locked!
Allocating 15 zero-copy buffers

Starting rtlsdr-wsprd (2023-01-26, 09:30z) -- Version 0.5.4
  Callsign     : VU3ZAN
  Locator      : MK90it
  Dial freq.   : 3568600 Hz
  Real freq.   : 3568600 Hz
  PPM factor   : 0
  Gain         : 29 dB
Wait for time sync (start in 96 sec)

              Date  Time(z)    SNR     DT       Freq Dr    Call    Loc Pwr
No spot 2023-01-26 09:32z
No spot 2023-01-26 09:34z
No spot 2023-01-26 09:36z
No spot 2023-01-26 09:38z
No spot 2023-01-26 09:40z
No spot 2023-01-26 09:42z
No spot 2023-01-26 09:44z
No spot 2023-01-26 09:46z
No spot 2023-01-26 09:48z
No spot 2023-01-26 09:50z
No spot 2023-01-26 09:52z
No spot 2023-01-26 09:54z
No spot 2023-01-26 09:56z
No spot 2023-01-26 09:58z
Bye!

----------------------------------------------
* * * * Running reception on : 6 meters
* * * * Using band script    : 6mR.sh
* * * * Using band parameter ::6m
* * * * Thu 26 Jan 2023 03:30:01 PM IST

---Kill earlier WSPR rtlsdr_wsprd session---
Signal caught 15, exiting!
Reattached kernel driver
Found 1 device(s):
  0:  Realtek, RTL2838UHIDIR, SN: 00000001

Using device 0: Generic RTL2832U OEM
Detached kernel driver
Found Rafael Micro R820T tuner
[R82XX] PLL not locked!
Allocating 15 zero-copy buffers

Starting rtlsdr-wsprd (2023-01-26, 10:00z) -- Version 0.5.4
  Callsign     : VU3ZAN
  Locator      : MK90it
  Dial freq.   : 50293000 Hz
  Real freq.   : 50293000 Hz
  PPM factor   : 0
  Gain         : 29 dB
Wait for time sync (start in 96 sec)

              Date  Time(z)    SNR     DT       Freq Dr    Call    Loc Pwr
No spot 2023-01-26 10:02z
No spot 2023-01-26 10:04z
No spot 2023-01-26 10:06z
No spot 2023-01-26 10:08z
No spot 2023-01-26 10:10z
No spot 2023-01-26 10:12z
No spot 2023-01-26 10:14z
No spot 2023-01-26 10:16z
No spot 2023-01-26 10:18z
No spot 2023-01-26 10:20z
No spot 2023-01-26 10:22z
No spot 2023-01-26 10:24z
No spot 2023-01-26 10:26z
No spot 2023-01-26 10:28z
Bye!

----------------------------------------------
* * * * Running reception on : 10 meters
* * * * Using band script    : 1mR.sh
* * * * Using band parameter ::28.1246M
* * * * Thu 26 Jan 2023 04:00:01 PM IST

---Kill earlier WSPR rtlsdr_wsprd session---
Signal caught 15, exiting!
Reattached kernel driver
Found 1 device(s):
  0:  Realtek, RTL2838UHIDIR, SN: 00000001

Using device 0: Generic RTL2832U OEM
Detached kernel driver
Found Rafael Micro R820T tuner
Enabled direct sampling mode, input 2
Allocating 15 zero-copy buffers

Starting rtlsdr-wsprd (2023-01-26, 10:30z) -- Version 0.5.4
  Callsign     : VU3ZAN
  Locator      : MK90it
  Dial freq.   : 28124600 Hz
  Real freq.   : 28124600 Hz
  PPM factor   : 0
  Gain         : 29 dB
Wait for time sync (start in 97 sec)

              Date  Time(z)    SNR     DT       Freq Dr    Call    Loc Pwr
Spot :  2023-01-26 10:32:00 -16.46  -0.87  28.126096  0   OZ7IT   JO65 37
No spot 2023-01-26 10:34z
No spot 2023-01-26 10:36z
Spot :  2023-01-26 10:38:00 -20.71  -0.89  28.126118  0   G0PKT   JO01 23
Spot :  2023-01-26 10:38:00 -22.47  -0.93  28.126106  0   G0MBA   JO01 23
Spot :  2023-01-26 10:38:00 -23.86  -0.21  28.126141  0   3B8DU   LG89 37
No spot 2023-01-26 10:40z
No spot 2023-01-26 10:42z
Spot :  2023-01-26 10:44:00 -19.23   0.43  28.126173  0  HS0ZOB   NK92 33
Spot :  2023-01-26 10:46:00 -18.50   0.37  28.126172  0  HS0ZOB   NK92 33
Spot :  2023-01-26 10:48:00  -6.83  -0.87  28.126096  1   OZ7IT   JO65 37
Spot :  2023-01-26 10:48:00 -17.97  -0.85  28.126118  0   G0PKT   JO01 23
Spot :  2023-01-26 10:48:00 -21.66  -0.89  28.126108  0   G0MBA   JO01 23
No spot 2023-01-26 10:50z
No spot 2023-01-26 10:52z
No spot 2023-01-26 10:54z
No spot 2023-01-26 10:56z
Spot :  2023-01-26 10:58:00 -26.61  -0.93  28.126118  0   G0PKT   JO01 23
Spot :  2023-01-26 10:58:00 -26.68   3.12  28.126079  0   HS0AC   OK03 23
Spot :  2023-01-26 10:58:00 -28.41   1.05  28.126156  0   DL6NL   JO50 30
Spot :  2023-01-26 10:58:00 -29.02  -0.85  28.126106  0   G0MBA   JO01 23
Bye!

----------------------------------------------
* * * * Running reception on : 15 meters
* * * * Using band script    : 2mR.sh
* * * * Using band parameter ::15m
* * * * Thu 26 Jan 2023 04:30:01 PM IST

---Kill earlier WSPR rtlsdr_wsprd session---
Signal caught 15, exiting!
Reattached kernel driver

Starting rtlsdr-wsprd (2023-01-26, 11:00z) -- Version 0.5.4
  Callsign     : VU3ZAN
  Locator      : MK90it
  Dial freq.   : 21094600 Hz
  Real freq.   : 21094600 Hz
  PPM factor   : 0
  Gain         : 29 dB
Wait for time sync (start in 97 sec)

              Date  Time(z)    SNR     DT       Freq Dr    Call    Loc Pwr
No spot 2023-01-26 11:02z
No spot 2023-01-26 11:04z
No spot 2023-01-26 11:06z
No spot 2023-01-26 11:08z
No spot 2023-01-26 11:10z
No spot 2023-01-26 11:12z
No spot 2023-01-26 11:14z
No spot 2023-01-26 11:16z
No spot 2023-01-26 11:18z
No spot 2023-01-26 11:20z
No spot 2023-01-26 11:22z
No spot 2023-01-26 11:24z
No spot 2023-01-26 11:26z
No spot 2023-01-26 11:28z
Bye!
Found 1 device(s):
  0:  Realtek, RTL2838UHIDIR, SN: 00000001

Using device 0: Generic RTL2832U OEM
Detached kernel driver
Found Rafael Micro R820T tuner
Enabled direct sampling mode, input 2
Allocating 15 zero-copy buffers

----------------------------------------------
* * * * Running reception on : 20 meters
* * * * Using band script    : 3mR.sh
* * * * Using band parameter ::20m
* * * * Thu 26 Jan 2023 05:00:01 PM IST

---Kill earlier WSPR rtlsdr_wsprd session---
Signal caught 15, exiting!
Reattached kernel driver
Found 1 device(s):
  0:  Realtek, RTL2838UHIDIR, SN: 00000001

Using device 0: Generic RTL2832U OEM
Detached kernel driver
Found Rafael Micro R820T tuner
Enabled direct sampling mode, input 2
Allocating 15 zero-copy buffers

Starting rtlsdr-wsprd (2023-01-26, 11:30z) -- Version 0.5.4
  Callsign     : VU3ZAN
  Locator      : MK90it
  Dial freq.   : 14095600 Hz
  Real freq.   : 14095600 Hz
  PPM factor   : 0
  Gain         : 29 dB
Wait for time sync (start in 96 sec)

              Date  Time(z)    SNR     DT       Freq Dr    Call    Loc Pwr
No spot 2023-01-26 11:32z
No spot 2023-01-26 11:34z
No spot 2023-01-26 11:36z
No spot 2023-01-26 11:38z
Spot :  2023-01-26 11:40:00 -20.45  -0.91  14.097200  0   VK3MO   QF22 37
No spot 2023-01-26 11:42z
No spot 2023-01-26 11:44z
No spot 2023-01-26 11:46z
No spot 2023-01-26 11:48z
Spot :  2023-01-26 11:50:00 -12.08  -0.87  14.097200  0   VK3MO   QF22 37
No spot 2023-01-26 11:52z
No spot 2023-01-26 11:54z
No spot 2023-01-26 11:56z
No spot 2023-01-26 11:58z
Bye!

----------------------------------------------
* * * * Running reception on : 40 meters
* * * * Using band script    : 4mR.sh
* * * * Using band parameter ::40m
* * * * Thu 26 Jan 2023 05:30:01 PM IST

---Kill earlier WSPR rtlsdr_wsprd session---
Signal caught 15, exiting!
Reattached kernel driver
Found 1 device(s):
  0:  Realtek, RTL2838UHIDIR, SN: 00000001

Using device 0: Generic RTL2832U OEM
Detached kernel driver
Found Rafael Micro R820T tuner
Enabled direct sampling mode, input 2
Allocating 15 zero-copy buffers

Starting rtlsdr-wsprd (2023-01-26, 12:00z) -- Version 0.5.4
  Callsign     : VU3ZAN
  Locator      : MK90it
  Dial freq.   : 7038600 Hz
  Real freq.   : 7038600 Hz
  PPM factor   : 0
  Gain         : 29 dB
Wait for time sync (start in 96 sec)

              Date  Time(z)    SNR     DT       Freq Dr    Call    Loc Pwr
No spot 2023-01-26 12:02z
No spot 2023-01-26 12:04z
No spot 2023-01-26 12:06z
No spot 2023-01-26 12:08z
No spot 2023-01-26 12:10z
No spot 2023-01-26 12:12z
No spot 2023-01-26 12:14z
No spot 2023-01-26 12:16z
No spot 2023-01-26 12:18z
No spot 2023-01-26 12:20z
No spot 2023-01-26 12:22z
No spot 2023-01-26 12:24z
No spot 2023-01-26 12:26z
No spot 2023-01-26 12:28z
Bye!

----------------------------------------------
* * * * Running reception on : 80 meters
* * * * Using band script    : 5mR.sh
* * * * Using band parameter ::80m
* * * * Thu 26 Jan 2023 06:00:01 PM IST

---Kill earlier WSPR rtlsdr_wsprd session---
Signal caught 15, exiting!
Reattached kernel driver
Found 1 device(s):
  0:  Realtek, RTL2838UHIDIR, SN: 00000001

Using device 0: Generic RTL2832U OEM
Detached kernel driver
Found Rafael Micro R820T tuner
[R82XX] PLL not locked!
Allocating 15 zero-copy buffers

Starting rtlsdr-wsprd (2023-01-26, 12:30z) -- Version 0.5.4
  Callsign     : VU3ZAN
  Locator      : MK90it
  Dial freq.   : 3568600 Hz
  Real freq.   : 3568600 Hz
  PPM factor   : 0
  Gain         : 29 dB
Wait for time sync (start in 97 sec)

              Date  Time(z)    SNR     DT       Freq Dr    Call    Loc Pwr
No spot 2023-01-26 12:32z
No spot 2023-01-26 12:34z
No spot 2023-01-26 12:36z
No spot 2023-01-26 12:38z
No spot 2023-01-26 12:40z
No spot 2023-01-26 12:42z
No spot 2023-01-26 12:44z
No spot 2023-01-26 12:46z
No spot 2023-01-26 12:48z
No spot 2023-01-26 12:50z
No spot 2023-01-26 12:52z
No spot 2023-01-26 12:54z
No spot 2023-01-26 12:56z
No spot 2023-01-26 12:58z
Bye!

----------------------------------------------
* * * * Running reception on : 6 meters
* * * * Using band script    : 6mR.sh
* * * * Using band parameter ::6m
* * * * Thu 26 Jan 2023 06:30:01 PM IST

---Kill earlier WSPR rtlsdr_wsprd session---
Signal caught 15, exiting!
Reattached kernel driver
Found 1 device(s):
  0:  Realtek, RTL2838UHIDIR, SN: 00000001

Using device 0: Generic RTL2832U OEM
Detached kernel driver
Found Rafael Micro R820T tuner
[R82XX] PLL not locked!
Allocating 15 zero-copy buffers

Starting rtlsdr-wsprd (2023-01-26, 13:00z) -- Version 0.5.4
  Callsign     : VU3ZAN
  Locator      : MK90it
  Dial freq.   : 50293000 Hz
  Real freq.   : 50293000 Hz
  PPM factor   : 0
  Gain         : 29 dB
Wait for time sync (start in 97 sec)

              Date  Time(z)    SNR     DT       Freq Dr    Call    Loc Pwr
No spot 2023-01-26 13:02z
No spot 2023-01-26 13:04z
No spot 2023-01-26 13:06z
No spot 2023-01-26 13:08z
No spot 2023-01-26 13:10z
No spot 2023-01-26 13:12z
No spot 2023-01-26 13:14z
No spot 2023-01-26 13:16z
No spot 2023-01-26 13:18z
No spot 2023-01-26 13:20z
No spot 2023-01-26 13:22z
No spot 2023-01-26 13:24z
No spot 2023-01-26 13:26z
No spot 2023-01-26 13:28z
Bye!

----------------------------------------------
* * * * Running reception on : 10 meters
* * * * Using band script    : 1mR.sh
* * * * Using band parameter ::28.1246M
* * * * Thu 26 Jan 2023 07:00:02 PM IST

---Kill earlier WSPR rtlsdr_wsprd session---
Signal caught 15, exiting!
Reattached kernel driver
Found 1 device(s):
  0:  Realtek, RTL2838UHIDIR, SN: 00000001

Using device 0: Generic RTL2832U OEM
Detached kernel driver
Found Rafael Micro R820T tuner
Enabled direct sampling mode, input 2
Allocating 15 zero-copy buffers

Starting rtlsdr-wsprd (2023-01-26, 13:30z) -- Version 0.5.4
  Callsign     : VU3ZAN
  Locator      : MK90it
  Dial freq.   : 28124600 Hz
  Real freq.   : 28124600 Hz
  PPM factor   : 0
  Gain         : 29 dB
Wait for time sync (start in 96 sec)

              Date  Time(z)    SNR     DT       Freq Dr    Call    Loc Pwr
No spot 2023-01-26 13:32z
No spot 2023-01-26 13:34z
No spot 2023-01-26 13:36z
No spot 2023-01-26 13:38z
No spot 2023-01-26 13:40z
No spot 2023-01-26 13:42z
No spot 2023-01-26 13:44z
No spot 2023-01-26 13:46z
No spot 2023-01-26 13:48z
No spot 2023-01-26 13:50z
No spot 2023-01-26 13:52z
No spot 2023-01-26 13:54z
No spot 2023-01-26 13:56z
Spot :  2023-01-26 13:58:00 -22.36  -1.02  28.126187  0  HS0ZEV   OK08 20
Bye!

----------------------------------------------
* * * * Running reception on : 15 meters
* * * * Using band script    : 2mR.sh
* * * * Using band parameter ::15m
* * * * Thu 26 Jan 2023 07:30:02 PM IST

---Kill earlier WSPR rtlsdr_wsprd session---
Signal caught 15, exiting!
Reattached kernel driver
Found 1 device(s):
  0:  Realtek, RTL2838UHIDIR, SN: 00000001

Using device 0: Generic RTL2832U OEM
Detached kernel driver
Found Rafael Micro R820T tuner
Enabled direct sampling mode, input 2
Allocating 15 zero-copy buffers

Starting rtlsdr-wsprd (2023-01-26, 14:00z) -- Version 0.5.4
  Callsign     : VU3ZAN
  Locator      : MK90it
  Dial freq.   : 21094600 Hz
  Real freq.   : 21094600 Hz
  PPM factor   : 0
  Gain         : 29 dB
Wait for time sync (start in 96 sec)

              Date  Time(z)    SNR     DT       Freq Dr    Call    Loc Pwr
No spot 2023-01-26 14:02z
No spot 2023-01-26 14:04z
No spot 2023-01-26 14:06z
No spot 2023-01-26 14:08z
No spot 2023-01-26 14:10z
No spot 2023-01-26 14:12z
No spot 2023-01-26 14:14z
No spot 2023-01-26 14:16z
No spot 2023-01-26 14:18z
No spot 2023-01-26 14:20z
No spot 2023-01-26 14:22z
No spot 2023-01-26 14:24z
No spot 2023-01-26 14:26z
No spot 2023-01-26 14:28z
Bye!

----------------------------------------------
* * * * Running reception on : 20 meters
* * * * Using band script    : 3mR.sh
* * * * Using band parameter ::20m
* * * * Thu 26 Jan 2023 08:00:01 PM IST

---Kill earlier WSPR rtlsdr_wsprd session---
Signal caught 15, exiting!
Reattached kernel driver
Found 1 device(s):
  0:  Realtek, RTL2838UHIDIR, SN: 00000001

Using device 0: Generic RTL2832U OEM
Detached kernel driver
Found Rafael Micro R820T tuner
Enabled direct sampling mode, input 2
Allocating 15 zero-copy buffers

Starting rtlsdr-wsprd (2023-01-26, 14:30z) -- Version 0.5.4
  Callsign     : VU3ZAN
  Locator      : MK90it
  Dial freq.   : 14095600 Hz
  Real freq.   : 14095600 Hz
  PPM factor   : 0
  Gain         : 29 dB
Wait for time sync (start in 96 sec)

              Date  Time(z)    SNR     DT       Freq Dr    Call    Loc Pwr
No spot 2023-01-26 14:32z
No spot 2023-01-26 14:34z
No spot 2023-01-26 14:36z
No spot 2023-01-26 14:38z
No spot 2023-01-26 14:40z
No spot 2023-01-26 14:42z
No spot 2023-01-26 14:44z
No spot 2023-01-26 14:46z
No spot 2023-01-26 14:48z
No spot 2023-01-26 14:50z
No spot 2023-01-26 14:52z
No spot 2023-01-26 14:54z
No spot 2023-01-26 14:56z
No spot 2023-01-26 14:58z
Bye!

----------------------------------------------
* * * * Running reception on : 40 meters
* * * * Using band script    : 4mR.sh
* * * * Using band parameter ::40m
* * * * Thu 26 Jan 2023 08:30:01 PM IST

---Kill earlier WSPR rtlsdr_wsprd session---
Signal caught 15, exiting!
Reattached kernel driver
Found 1 device(s):
  0:  Realtek, RTL2838UHIDIR, SN: 00000001

Using device 0: Generic RTL2832U OEM
Detached kernel driver
Found Rafael Micro R820T tuner
Enabled direct sampling mode, input 2
Allocating 15 zero-copy buffers

Starting rtlsdr-wsprd (2023-01-26, 15:00z) -- Version 0.5.4
  Callsign     : VU3ZAN
  Locator      : MK90it
  Dial freq.   : 7038600 Hz
  Real freq.   : 7038600 Hz
  PPM factor   : 0
  Gain         : 29 dB
Wait for time sync (start in 96 sec)

              Date  Time(z)    SNR     DT       Freq Dr    Call    Loc Pwr
No spot 2023-01-26 15:02z
No spot 2023-01-26 15:04z
No spot 2023-01-26 15:06z
No spot 2023-01-26 15:08z
No spot 2023-01-26 15:10z
No spot 2023-01-26 15:12z
No spot 2023-01-26 15:14z
No spot 2023-01-26 15:16z
No spot 2023-01-26 15:18z
No spot 2023-01-26 15:20z
No spot 2023-01-26 15:22z
No spot 2023-01-26 15:24z
No spot 2023-01-26 15:26z
No spot 2023-01-26 15:28z
Bye!

----------------------------------------------
* * * * Running reception on : 80 meters
* * * * Using band script    : 5mR.sh
* * * * Using band parameter ::80m
* * * * Thu 26 Jan 2023 09:00:01 PM IST

---Kill earlier WSPR rtlsdr_wsprd session---
Signal caught 15, exiting!
Reattached kernel driver
Found 1 device(s):
  0:  Realtek, RTL2838UHIDIR, SN: 00000001

Using device 0: Generic RTL2832U OEM
Detached kernel driver
Found Rafael Micro R820T tuner
[R82XX] PLL not locked!
Allocating 15 zero-copy buffers

Starting rtlsdr-wsprd (2023-01-26, 15:30z) -- Version 0.5.4
  Callsign     : VU3ZAN
  Locator      : MK90it
  Dial freq.   : 3568600 Hz
  Real freq.   : 3568600 Hz
  PPM factor   : 0
  Gain         : 29 dB
Wait for time sync (start in 97 sec)

              Date  Time(z)    SNR     DT       Freq Dr    Call    Loc Pwr
No spot 2023-01-26 15:32z
No spot 2023-01-26 15:34z
No spot 2023-01-26 15:36z
No spot 2023-01-26 15:38z
No spot 2023-01-26 15:40z
No spot 2023-01-26 15:42z
No spot 2023-01-26 15:44z
No spot 2023-01-26 15:46z
No spot 2023-01-26 15:48z
No spot 2023-01-26 15:50z
No spot 2023-01-26 15:52z
No spot 2023-01-26 15:54z
No spot 2023-01-26 15:56z
No spot 2023-01-26 15:58z
Bye!

----------------------------------------------
* * * * Running reception on : 6 meters
* * * * Using band script    : 6mR.sh
* * * * Using band parameter ::6m
* * * * Thu 26 Jan 2023 09:30:01 PM IST

---Kill earlier WSPR rtlsdr_wsprd session---
Signal caught 15, exiting!
Reattached kernel driver
Found 1 device(s):
  0:  Realtek, RTL2838UHIDIR, SN: 00000001

Using device 0: Generic RTL2832U OEM
Detached kernel driver
Found Rafael Micro R820T tuner
[R82XX] PLL not locked!
Allocating 15 zero-copy buffers

Starting rtlsdr-wsprd (2023-01-26, 16:00z) -- Version 0.5.4
  Callsign     : VU3ZAN
  Locator      : MK90it
  Dial freq.   : 50293000 Hz
  Real freq.   : 50293000 Hz
  PPM factor   : 0
  Gain         : 29 dB
Wait for time sync (start in 97 sec)

              Date  Time(z)    SNR     DT       Freq Dr    Call    Loc Pwr
No spot 2023-01-26 16:02z
No spot 2023-01-26 16:04z
No spot 2023-01-26 16:06z
No spot 2023-01-26 16:08z
No spot 2023-01-26 16:10z
No spot 2023-01-26 16:12z
No spot 2023-01-26 16:14z
No spot 2023-01-26 16:16z
No spot 2023-01-26 16:18z
No spot 2023-01-26 16:20z
No spot 2023-01-26 16:22z
No spot 2023-01-26 16:24z
No spot 2023-01-26 16:26z
No spot 2023-01-26 16:28z
Bye!

----------------------------------------------
* * * * Running reception on : 10 meters
* * * * Using band script    : 1mR.sh
* * * * Using band parameter ::28.1246M
* * * * Thu 26 Jan 2023 10:00:02 PM IST

---Kill earlier WSPR rtlsdr_wsprd session---
Signal caught 15, exiting!
Reattached kernel driver
Found 1 device(s):
  0:  Realtek, RTL2838UHIDIR, SN: 00000001

Using device 0: Generic RTL2832U OEM
Detached kernel driver
Found Rafael Micro R820T tuner
Enabled direct sampling mode, input 2
Allocating 15 zero-copy buffers

Starting rtlsdr-wsprd (2023-01-26, 16:30z) -- Version 0.5.4
  Callsign     : VU3ZAN
  Locator      : MK90it
  Dial freq.   : 28124600 Hz
  Real freq.   : 28124600 Hz
  PPM factor   : 0
  Gain         : 29 dB
Wait for time sync (start in 96 sec)

              Date  Time(z)    SNR     DT       Freq Dr    Call    Loc Pwr
No spot 2023-01-26 16:32z
No spot 2023-01-26 16:34z
No spot 2023-01-26 16:36z
Spot :  2023-01-26 16:38:00 -19.01   3.23  28.126063  0   HS0AC   OK03 23
No spot 2023-01-26 16:40z
No spot 2023-01-26 16:42z
No spot 2023-01-26 16:44z
Spot :  2023-01-26 16:46:00 -14.22  -0.63  28.126073  0   <...> OK03FT 20
No spot 2023-01-26 16:48z
No spot 2023-01-26 16:50z
No spot 2023-01-26 16:52z
No spot 2023-01-26 16:54z
No spot 2023-01-26 16:56z
No spot 2023-01-26 16:58z
Bye!

----------------------------------------------
* * * * Running reception on : 15 meters
* * * * Using band script    : 2mR.sh
* * * * Using band parameter ::15m
* * * * Thu 26 Jan 2023 10:30:01 PM IST

---Kill earlier WSPR rtlsdr_wsprd session---
Signal caught 15, exiting!
Reattached kernel driver
Found 1 device(s):
  0:  Realtek, RTL2838UHIDIR, SN: 00000001

Using device 0: Generic RTL2832U OEM
Detached kernel driver
Found Rafael Micro R820T tuner
Enabled direct sampling mode, input 2
Allocating 15 zero-copy buffers

Starting rtlsdr-wsprd (2023-01-26, 17:00z) -- Version 0.5.4
  Callsign     : VU3ZAN
  Locator      : MK90it
  Dial freq.   : 21094600 Hz
  Real freq.   : 21094600 Hz
  PPM factor   : 0
  Gain         : 29 dB
Wait for time sync (start in 96 sec)

              Date  Time(z)    SNR     DT       Freq Dr    Call    Loc Pwr
No spot 2023-01-26 17:02z
No spot 2023-01-26 17:04z
No spot 2023-01-26 17:06z
No spot 2023-01-26 17:08z
No spot 2023-01-26 17:10z
No spot 2023-01-26 17:14z
No spot 2023-01-26 17:18z
No spot 2023-01-26 17:20z
No spot 2023-01-26 17:22z
No spot 2023-01-26 17:24z
No spot 2023-01-26 17:26z
No spot 2023-01-26 17:28z
Bye!

----------------------------------------------
* * * * Running reception on : 20 meters
* * * * Using band script    : 3mR.sh
* * * * Using band parameter ::20m
* * * * Thu 26 Jan 2023 11:00:01 PM IST

---Kill earlier WSPR rtlsdr_wsprd session---
Signal caught 15, exiting!
Reattached kernel driver
Found 1 device(s):
  0:  Realtek, RTL2838UHIDIR, SN: 00000001

Using device 0: Generic RTL2832U OEM
Detached kernel driver
Found Rafael Micro R820T tuner
Enabled direct sampling mode, input 2
Allocating 15 zero-copy buffers

Starting rtlsdr-wsprd (2023-01-26, 17:30z) -- Version 0.5.4
  Callsign     : VU3ZAN
  Locator      : MK90it
  Dial freq.   : 14095600 Hz
  Real freq.   : 14095600 Hz
  PPM factor   : 0
  Gain         : 29 dB
Wait for time sync (start in 96 sec)

              Date  Time(z)    SNR     DT       Freq Dr    Call    Loc Pwr
No spot 2023-01-26 17:32z
No spot 2023-01-26 17:34z
No spot 2023-01-26 17:36z
No spot 2023-01-26 17:38z
Spot :  2023-01-26 17:40:00 -22.86  -0.83  14.097203  0   VK3MO   QF22 37
No spot 2023-01-26 17:42z
No spot 2023-01-26 17:44z
No spot 2023-01-26 17:46z
No spot 2023-01-26 17:48z
Spot :  2023-01-26 17:50:00 -25.42  -0.91  14.097203  0   VK3MO   QF22 37
No spot 2023-01-26 17:52z
No spot 2023-01-26 17:54z
No spot 2023-01-26 17:56z
No spot 2023-01-26 17:58z
Bye!

----------------------------------------------
* * * * Running reception on : 40 meters
* * * * Using band script    : 4mR.sh
* * * * Using band parameter ::40m
* * * * Thu 26 Jan 2023 11:30:01 PM IST

---Kill earlier WSPR rtlsdr_wsprd session---
Signal caught 15, exiting!
Reattached kernel driver
Found 1 device(s):
  0:  Realtek, RTL2838UHIDIR, SN: 00000001

Using device 0: Generic RTL2832U OEM
Detached kernel driver
Found Rafael Micro R820T tuner
Enabled direct sampling mode, input 2
Allocating 15 zero-copy buffers

Starting rtlsdr-wsprd (2023-01-26, 18:00z) -- Version 0.5.4
  Callsign     : VU3ZAN
  Locator      : MK90it
  Dial freq.   : 7038600 Hz
  Real freq.   : 7038600 Hz
  PPM factor   : 0
  Gain         : 29 dB
Wait for time sync (start in 96 sec)

              Date  Time(z)    SNR     DT       Freq Dr    Call    Loc Pwr
No spot 2023-01-26 18:02z
No spot 2023-01-26 18:04z
No spot 2023-01-26 18:06z
No spot 2023-01-26 18:08z
No spot 2023-01-26 18:10z
No spot 2023-01-26 18:12z
No spot 2023-01-26 18:14z
No spot 2023-01-26 18:16z
No spot 2023-01-26 18:18z
No spot 2023-01-26 18:20z
No spot 2023-01-26 18:22z
No spot 2023-01-26 18:26z
No spot 2023-01-26 18:28z
Bye!

----------------------------------------------
* * * * Running reception on : 80 meters
* * * * Using band script    : 5mR.sh
* * * * Using band parameter ::80m
* * * * Fri 27 Jan 2023 12:00:01 AM IST

---Kill earlier WSPR rtlsdr_wsprd session---
Signal caught 15, exiting!
Reattached kernel driver
Found 1 device(s):
  0:  Realtek, RTL2838UHIDIR, SN: 00000001

Using device 0: Generic RTL2832U OEM
Detached kernel driver
Found Rafael Micro R820T tuner
[R82XX] PLL not locked!
Allocating 15 zero-copy buffers

Starting rtlsdr-wsprd (2023-01-26, 18:30z) -- Version 0.5.4
  Callsign     : VU3ZAN
  Locator      : MK90it
  Dial freq.   : 3568600 Hz
  Real freq.   : 3568600 Hz
  PPM factor   : 0
  Gain         : 29 dB
Wait for time sync (start in 95 sec)

              Date  Time(z)    SNR     DT       Freq Dr    Call    Loc Pwr
No spot 2023-01-26 18:32z
No spot 2023-01-26 18:36z
No spot 2023-01-26 18:38z
No spot 2023-01-26 18:40z
No spot 2023-01-26 18:42z
No spot 2023-01-26 18:44z
No spot 2023-01-26 18:46z
No spot 2023-01-26 18:48z
No spot 2023-01-26 18:50z
No spot 2023-01-26 18:52z
No spot 2023-01-26 18:54z
No spot 2023-01-26 18:56z
No spot 2023-01-26 18:58z
Bye!

----------------------------------------------
* * * * Running reception on : 6 meters
* * * * Using band script    : 6mR.sh
* * * * Using band parameter ::6m
* * * * Fri 27 Jan 2023 12:30:01 AM IST

---Kill earlier WSPR rtlsdr_wsprd session---
Signal caught 15, exiting!
Reattached kernel driver
Found 1 device(s):
  0:  Realtek, RTL2838UHIDIR, SN: 00000001

Using device 0: Generic RTL2832U OEM
Detached kernel driver
Found Rafael Micro R820T tuner
[R82XX] PLL not locked!
Allocating 15 zero-copy buffers

Starting rtlsdr-wsprd (2023-01-26, 19:00z) -- Version 0.5.4
  Callsign     : VU3ZAN
  Locator      : MK90it
  Dial freq.   : 50293000 Hz
  Real freq.   : 50293000 Hz
  PPM factor   : 0
  Gain         : 29 dB
Wait for time sync (start in 96 sec)

              Date  Time(z)    SNR     DT       Freq Dr    Call    Loc Pwr
No spot 2023-01-26 19:02z
No spot 2023-01-26 19:04z
No spot 2023-01-26 19:06z
No spot 2023-01-26 19:08z
No spot 2023-01-26 19:10z
No spot 2023-01-26 19:14z
No spot 2023-01-26 19:16z
No spot 2023-01-26 19:18z
No spot 2023-01-26 19:20z
No spot 2023-01-26 19:22z
No spot 2023-01-26 19:24z
No spot 2023-01-26 19:26z
No spot 2023-01-26 19:28z
Bye!

----------------------------------------------
* * * * Running reception on : 10 meters
* * * * Using band script    : 1mR.sh
* * * * Using band parameter ::28.1246M
* * * * Fri 27 Jan 2023 01:00:02 AM IST

---Kill earlier WSPR rtlsdr_wsprd session---
Signal caught 15, exiting!
Reattached kernel driver
Found 1 device(s):
  0:  Realtek, RTL2838UHIDIR, SN: 00000001

Using device 0: Generic RTL2832U OEM
Detached kernel driver
Found Rafael Micro R820T tuner
Enabled direct sampling mode, input 2
Allocating 15 zero-copy buffers

Starting rtlsdr-wsprd (2023-01-26, 19:30z) -- Version 0.5.4
  Callsign     : VU3ZAN
  Locator      : MK90it
  Dial freq.   : 28124600 Hz
  Real freq.   : 28124600 Hz
  PPM factor   : 0
  Gain         : 29 dB
Wait for time sync (start in 96 sec)

              Date  Time(z)    SNR     DT       Freq Dr    Call    Loc Pwr
No spot 2023-01-26 19:32z
No spot 2023-01-26 19:34z
No spot 2023-01-26 19:36z
No spot 2023-01-26 19:38z
No spot 2023-01-26 19:40z
No spot 2023-01-26 19:42z
No spot 2023-01-26 19:44z
No spot 2023-01-26 19:46z
No spot 2023-01-26 19:48z
No spot 2023-01-26 19:50z
No spot 2023-01-26 19:52z
No spot 2023-01-26 19:54z
No spot 2023-01-26 19:56z
No spot 2023-01-26 19:58z
Bye!

----------------------------------------------
* * * * Running reception on : 15 meters
* * * * Using band script    : 2mR.sh
* * * * Using band parameter ::15m
* * * * Fri 27 Jan 2023 01:30:02 AM IST

---Kill earlier WSPR rtlsdr_wsprd session---
Signal caught 15, exiting!
Reattached kernel driver
Found 1 device(s):
  0:  Realtek, RTL2838UHIDIR, SN: 00000001

Using device 0: Generic RTL2832U OEM
Detached kernel driver
Found Rafael Micro R820T tuner
Enabled direct sampling mode, input 2
Allocating 15 zero-copy buffers

Starting rtlsdr-wsprd (2023-01-26, 20:00z) -- Version 0.5.4
  Callsign     : VU3ZAN
  Locator      : MK90it
  Dial freq.   : 21094600 Hz
  Real freq.   : 21094600 Hz
  PPM factor   : 0
  Gain         : 29 dB
Wait for time sync (start in 96 sec)

              Date  Time(z)    SNR     DT       Freq Dr    Call    Loc Pwr
No spot 2023-01-26 20:02z
No spot 2023-01-26 20:04z
No spot 2023-01-26 20:06z
No spot 2023-01-26 20:08z
No spot 2023-01-26 20:10z
No spot 2023-01-26 20:12z
No spot 2023-01-26 20:14z
No spot 2023-01-26 20:16z
No spot 2023-01-26 20:18z
No spot 2023-01-26 20:20z
No spot 2023-01-26 20:22z
No spot 2023-01-26 20:24z
No spot 2023-01-26 20:26z
No spot 2023-01-26 20:28z
Bye!

----------------------------------------------
* * * * Running reception on : 20 meters
* * * * Using band script    : 3mR.sh
* * * * Using band parameter ::20m
* * * * Fri 27 Jan 2023 02:00:01 AM IST

---Kill earlier WSPR rtlsdr_wsprd session---
Signal caught 15, exiting!
Reattached kernel driver
Found 1 device(s):
  0:  Realtek, RTL2838UHIDIR, SN: 00000001

Using device 0: Generic RTL2832U OEM
Detached kernel driver
Found Rafael Micro R820T tuner
Enabled direct sampling mode, input 2
Allocating 15 zero-copy buffers

Starting rtlsdr-wsprd (2023-01-26, 20:30z) -- Version 0.5.4
  Callsign     : VU3ZAN
  Locator      : MK90it
  Dial freq.   : 14095600 Hz
  Real freq.   : 14095600 Hz
  PPM factor   : 0
  Gain         : 29 dB
Wait for time sync (start in 95 sec)

              Date  Time(z)    SNR     DT       Freq Dr    Call    Loc Pwr
No spot 2023-01-26 20:32z
No spot 2023-01-26 20:34z
No spot 2023-01-26 20:36z
No spot 2023-01-26 20:38z
No spot 2023-01-26 20:42z
No spot 2023-01-26 20:44z
No spot 2023-01-26 20:46z
No spot 2023-01-26 20:48z
No spot 2023-01-26 20:50z
No spot 2023-01-26 20:52z
No spot 2023-01-26 20:54z
No spot 2023-01-26 20:56z
No spot 2023-01-26 20:58z
Bye!
