Log file of Cumulative Invalid spots for Guenael rtlsdr_wsprd
---------------------------------------------------------------
Spot :  2022-11-21 21:14:01 -21.64  -0.93  14.097112  0   <...> PF94HK 43
Tue 22 Nov 2022 09:00:02 AM IST -- Date for set of above records
Spot :  2022-11-22 21:44:00 -20.53  -1.00  14.097112  0   <...> PF94HK 43
Wed 23 Nov 2022 09:00:02 AM IST
Thu 24 Nov 2022 09:00:02 AM IST
Spot :  2022-11-24 18:20:00 -18.96  -0.72  14.097182  0   <...> OK03FT  0
Date for the set of above records :  Tue 29 Nov 2022 09:00:18 AM IST
Date for the set of above records :  Wed 30 Nov 2022 09:00:19 AM IST
Spot :  2022-11-30 22:24:00 -20.28  -0.76  28.126099  0   <...>  61FUB 22
Date for the set of above records :  Thu 01 Dec 2022 09:00:19 AM IST
Spot :  2022-12-01 20:46:00 -22.40  -0.63  14.097194  0   <...> OK03FT 20
Date for the set of above records :  Fri 02 Dec 2022 09:00:19 AM IST
Spot :  2022-12-02 18:46:00 -20.96  -0.89   7.040065  0   <...> QF13XA 37
Date for the set of above records :  Sat 03 Dec 2022 09:00:19 AM IST
Date for the set of above records :  Sun 04 Dec 2022 09:00:19 AM IST
Spot :  2022-12-04 09:28:01 -22.71  -0.87  28.126170  0   <...> IO83UH 37
Date for the set of above records :  Mon 05 Dec 2022 09:00:19 AM IST
Spot :  2022-12-05 03:56:00  -8.05  -0.81  28.126131  0   <...> PF94HK 43
Spot :  2022-12-05 09:38:00 -20.77  -0.89  28.126058  0   <...> IM76AL 37
Spot :  2022-12-05 20:10:01 -22.51   0.07   7.040148  0   <...> OF88AI 10
Spot :  2022-12-05 20:16:00 -24.32   2.52   7.040170  0   <...> OF88AI 10
Spot :  2022-12-05 20:22:00 -23.47   3.38   7.040188  0   <...> OF88AI 10
Spot :  2022-12-05 22:36:01 -18.85   2.91  14.097182  0   <...> OK03FT 20
Date for the set of above records :  Tue 06 Dec 2022 09:00:19 AM IST
Spot :  2022-12-06 17:46:00 -20.55  -0.29   7.040101  0   <...> LG78PU 37
Spot :  2022-12-06 20:38:00 -25.01  -0.81   7.040187  0   <...> OF88AI 10
Spot :  2022-12-06 20:44:01 -24.62  -0.83   7.040046  0   <...> OF88AI 10
Date for the set of above records :  Wed 07 Dec 2022 09:00:19 AM IST
Spot :  2022-12-07 18:06:00 -22.88  -0.85   7.040108  0   <...> OF88AI 10
Spot :  2022-12-07 18:12:00 -25.00  -0.93   7.040198  0   <...> OF88AI 10
Spot :  2022-12-07 21:24:00 -30.83  -0.78   7.040205  0   <...> OF88AI 10
Date for the set of above records :  Thu 08 Dec 2022 09:00:19 AM IST
Spot :  2022-12-08 18:42:00 -25.16  -0.91   7.040113  0   <...>  17QWD  8
Date for the set of above records :  Fri 09 Dec 2022 09:00:17 AM IST
Date for the set of above records :  Sat 10 Dec 2022 09:00:17 AM IST
Date for the set of above records :  Sun 11 Dec 2022 09:00:18 AM IST
Spot :  2022-12-11 12:54:01 -15.51   2.76  28.126087  0   <...> OK03FT 20
Spot :  2022-12-11 19:32:00 -20.37   2.86  14.097121  0   <...> OK03FT 20
Spot :  2022-12-11 19:56:00 -20.83  -0.68  14.097042  0   <...> JN58VJ 37
Spot :  2022-12-11 23:22:00 -23.72  -0.76   7.040047  0   <...> JN58VJ 37
Date for the set of above records :  Mon 12 Dec 2022 09:00:19 AM IST
Spot :  2022-12-12 20:08:00 -24.52   2.97  14.097115  0   <...> OK03FT 20
Spot :  2022-12-12 20:56:00 -20.01  -0.89   7.040112  0   <...> KG34XB 33
Date for the set of above records :  Tue 13 Dec 2022 09:00:19 AM IST
Spot :  2022-12-14 01:54:01 -22.44  -0.66  28.126131  0   <...> PF94HK 43
Date for the set of above records :  Wed 14 Dec 2022 09:00:19 AM IST
Spot :  2022-12-14 18:08:00 -21.20  -0.59  14.097200  0   <...> OK03FT 20
Date for the set of above records :  Thu 15 Dec 2022 09:00:19 AM IST
Spot :  2022-12-15 05:52:00 -21.85  -0.93  28.126131  0   <...> PF94HK 43
Spot :  2022-12-15 09:56:00 -15.23  -0.61  14.097092  0   <...> OK03FT 20
Spot :  2022-12-15 18:54:00 -15.93  -0.66  14.097119  0   <...> OK03FT 20
Spot :  2022-12-16 02:40:00 -19.70  -0.63  28.126156  0   <...> OK03FT 20
Date for the set of above records :  Fri 16 Dec 2022 09:00:19 AM IST
Spot :  2022-12-16 06:18:00 -20.37   0.94  28.126084  0   <...> QF22QD 30
Date for the set of above records :  Sat 17 Dec 2022 09:00:19 AM IST
Date for the set of above records :  Sun 18 Dec 2022 09:00:19 AM IST
Date for the set of above records :  Mon 19 Dec 2022 09:00:18 AM IST
Date for the set of above records :  Tue 20 Dec 2022 09:55:18 AM IST
Date for the set of above records :  Wed 21 Dec 2022 09:55:18 AM IST
Date for the set of above records :  Thu 22 Dec 2022 09:55:36 AM IST
Date for the set of above records :  Fri 23 Dec 2022 09:55:36 AM IST
Date for the set of above records :  Sat 24 Dec 2022 09:55:36 AM IST
Date for the set of above records :  Sun 25 Dec 2022 09:55:36 AM IST
Date for the set of above records :  Tue 27 Dec 2022 09:55:36 AM IST
Date for the set of above records :  Wed 28 Dec 2022 09:55:36 AM IST
Date for the set of above records :  Thu 29 Dec 2022 09:55:36 AM IST
Date for the set of above records :  Fri 30 Dec 2022 09:55:36 AM IST
Date for the set of above records :  Sat 31 Dec 2022 09:55:36 AM IST
Date for the set of above records :  Sun 01 Jan 2023 09:55:36 AM IST
Date for the set of above records :  Mon 02 Jan 2023 09:55:37 AM IST
Date for the set of above records :  Wed 04 Jan 2023 09:55:35 AM IST
Date for the set of above records :  Thu 05 Jan 2023 09:55:36 AM IST
Date for the set of above records :  Fri 06 Jan 2023 09:55:36 AM IST
Date for the set of above records :  Sat 07 Jan 2023 09:55:36 AM IST
Date for the set of above records :  Mon 09 Jan 2023 09:55:35 AM IST
Date for the set of above records :  Tue 10 Jan 2023 09:55:35 AM IST
Date for the set of above records :  Wed 11 Jan 2023 09:55:36 AM IST
Date for the set of above records :  Thu 12 Jan 2023 09:55:36 AM IST
Date for the set of above records :  Fri 13 Jan 2023 09:55:36 AM IST
Date for the set of above records :  Sat 14 Jan 2023 09:55:37 AM IST
Date for the set of above records :  Sat 14 Jan 2023 10:55:37 AM IST
Date for the set of above records :  Sun 15 Jan 2023 10:55:37 AM IST
Spot :  2023-01-15 16:50:00 -17.58  -0.68  28.126110  0   <...> OK03FT 20
Spot :  2023-01-16 01:54:00 -16.51  -0.40  28.126140  0   <...> OK03FT 20
Date for the set of above records :  Mon 16 Jan 2023 10:55:37 AM IST
Spot :  2023-01-17 02:06:00 -16.53  -0.57  28.126140  0   <...> OK03FT 20
Date for the set of above records :  Tue 17 Jan 2023 10:55:37 AM IST
Spot :  2023-01-17 11:46:01 -25.79  -0.87  28.126199  0   <...> JN59MR 33
Date for the set of above records :  Wed 18 Jan 2023 10:55:36 AM IST
Spot :  2023-01-18 06:20:00 -25.47  -0.95  28.126204  0   <...> JN59MR 33
Spot :  2023-01-19 03:08:00 -13.26  -0.59  28.126113  0   <...> OK03FT 20
Date for the set of above records :  Thu 19 Jan 2023 10:55:37 AM IST
Spot :  2023-01-20 03:46:00 -17.69  -0.57  28.126116  0   <...> OK03FT 20
Date for the set of above records :  Fri 20 Jan 2023 10:55:36 AM IST
Spot :  2023-01-20 19:02:00 -13.88  -0.57  28.126151  0   <...> OK03FT 20
Date for the set of above records :  Sat 21 Jan 2023 10:55:35 AM IST
Date for the set of above records :  Wed 25 Jan 2023 10:55:35 AM IST
Spot :  2023-01-26 01:22:00 -18.42  -0.66  28.126052  0   <...> OK03FT 20
Date for the set of above records :  Thu 26 Jan 2023 10:55:35 AM IST
Spot :  2023-01-26 16:46:00 -14.22  -0.63  28.126073  0   <...> OK03FT 20
Date for the set of above records :  Fri 27 Jan 2023 09:55:35 AM IST
Spot :  2023-01-27 10:32:00 -23.48  -1.42  28.126108  0   <...> KP50FA 37
Date for the set of above records :  Sun 29 Jan 2023 09:55:35 AM IST
Spot :  2023-01-29 08:10:00 -23.24  -0.34  28.126087  0   <...> QF22QD 30
Spot :  2023-01-29 11:08:01 -18.00  -0.17  28.126087  0   <...> QF22QD 30
Spot :  2023-01-29 11:16:01 -23.55  -0.68  28.126063  0   <...> JO23VF 23
Date for the set of above records :  Mon 30 Jan 2023 09:55:35 AM IST
Date for the set of above records :  Tue 31 Jan 2023 09:55:35 AM IST
Spot :  2023-01-31 06:28:00 -20.15  -0.31  28.126088  0   <...> QF22QD 30
Spot :  2023-02-09 16:26:00 -18.48  -0.51  28.126075  0   <...> OK03FT 20
Spot :  2023-02-10 04:10:01 -22.15  -0.51  28.126038  0   <...> OK03FT 20
Date for the set of above records :  Fri 10 Feb 2023 09:55:35 AM IST
Spot :  2023-02-10 04:42:00 -20.79  -0.53  28.126150  0   <...> OK03FT 20
Spot :  2023-02-10 20:10:00 -13.99  -0.51  28.126145  0   <...> OK03FT 20
Date for the set of above records :  Sat 11 Feb 2023 09:55:36 AM IST
Spot :  2023-02-11 11:42:01 -20.35  -1.00  28.126087  0   <...> JO32CF 37
Date for the set of above records :  Sun 12 Feb 2023 09:55:36 AM IST
Spot :  2023-02-12 18:20:00 -20.46  -0.51  28.126112  0   <...> OK03FT 20
Date for the set of above records :  Mon 13 Feb 2023 09:55:35 AM IST
